<?xml version="1.0" encoding="UTF-8"?>
<testsuite name="work.assisjrs.AppTest1" tests="2" skipped="0" failures="2" errors="0" timestamp="2017-02-14T17:58:50" hostname="assis-Inspiron-5457" time="0.765">
  <properties/>
  <testcase name="teste1" classname="work.assisjrs.AppTest1" time="0.0">
    <failure message="java.lang.IllegalStateException: Failed to load ApplicationContext" type="java.lang.IllegalStateException">java.lang.IllegalStateException: Failed to load ApplicationContext
	at org.springframework.test.context.cache.DefaultCacheAwareContextLoaderDelegate.loadContext(DefaultCacheAwareContextLoaderDelegate.java:124)
	at org.springframework.test.context.support.DefaultTestContext.getApplicationContext(DefaultTestContext.java:83)
	at org.springframework.test.context.web.ServletTestExecutionListener.setUpRequestContextIfNecessary(ServletTestExecutionListener.java:189)
	at org.springframework.test.context.web.ServletTestExecutionListener.prepareTestInstance(ServletTestExecutionListener.java:131)
	at org.springframework.test.context.TestContextManager.prepareTestInstance(TestContextManager.java:230)
	at org.springframework.test.context.junit4.SpringJUnit4ClassRunner.createTest(SpringJUnit4ClassRunner.java:228)
	at org.springframework.test.context.junit4.SpringJUnit4ClassRunner$1.runReflectiveCall(SpringJUnit4ClassRunner.java:287)
	at org.junit.internal.runners.model.ReflectiveCallable.run(ReflectiveCallable.java:12)
	at org.springframework.test.context.junit4.SpringJUnit4ClassRunner.methodBlock(SpringJUnit4ClassRunner.java:289)
	at org.springframework.test.context.junit4.SpringJUnit4ClassRunner.runChild(SpringJUnit4ClassRunner.java:247)
	at org.springframework.test.context.junit4.SpringJUnit4ClassRunner.runChild(SpringJUnit4ClassRunner.java:94)
	at org.junit.runners.ParentRunner$3.run(ParentRunner.java:290)
	at org.junit.runners.ParentRunner$1.schedule(ParentRunner.java:71)
	at org.junit.runners.ParentRunner.runChildren(ParentRunner.java:288)
	at org.junit.runners.ParentRunner.access$000(ParentRunner.java:58)
	at org.junit.runners.ParentRunner$2.evaluate(ParentRunner.java:268)
	at org.springframework.test.context.junit4.statements.RunBeforeTestClassCallbacks.evaluate(RunBeforeTestClassCallbacks.java:61)
	at org.springframework.test.context.junit4.statements.RunAfterTestClassCallbacks.evaluate(RunAfterTestClassCallbacks.java:70)
	at org.junit.runners.ParentRunner.run(ParentRunner.java:363)
	at org.springframework.test.context.junit4.SpringJUnit4ClassRunner.run(SpringJUnit4ClassRunner.java:191)
	at org.gradle.api.internal.tasks.testing.junit.JUnitTestClassExecuter.runTestClass(JUnitTestClassExecuter.java:114)
	at org.gradle.api.internal.tasks.testing.junit.JUnitTestClassExecuter.execute(JUnitTestClassExecuter.java:57)
	at org.gradle.api.internal.tasks.testing.junit.JUnitTestClassProcessor.processTestClass(JUnitTestClassProcessor.java:66)
	at org.gradle.api.internal.tasks.testing.SuiteTestClassProcessor.processTestClass(SuiteTestClassProcessor.java:51)
	at sun.reflect.NativeMethodAccessorImpl.invoke0(Native Method)
	at sun.reflect.NativeMethodAccessorImpl.invoke(NativeMethodAccessorImpl.java:62)
	at sun.reflect.DelegatingMethodAccessorImpl.invoke(DelegatingMethodAccessorImpl.java:43)
	at java.lang.reflect.Method.invoke(Method.java:498)
	at org.gradle.internal.dispatch.ReflectionDispatch.dispatch(ReflectionDispatch.java:35)
	at org.gradle.internal.dispatch.ReflectionDispatch.dispatch(ReflectionDispatch.java:24)
	at org.gradle.internal.dispatch.ContextClassLoaderDispatch.dispatch(ContextClassLoaderDispatch.java:32)
	at org.gradle.internal.dispatch.ProxyDispatchAdapter$DispatchingInvocationHandler.invoke(ProxyDispatchAdapter.java:93)
	at com.sun.proxy.$Proxy2.processTestClass(Unknown Source)
	at org.gradle.api.internal.tasks.testing.worker.TestWorker.processTestClass(TestWorker.java:109)
	at sun.reflect.NativeMethodAccessorImpl.invoke0(Native Method)
	at sun.reflect.NativeMethodAccessorImpl.invoke(NativeMethodAccessorImpl.java:62)
	at sun.reflect.DelegatingMethodAccessorImpl.invoke(DelegatingMethodAccessorImpl.java:43)
	at java.lang.reflect.Method.invoke(Method.java:498)
	at org.gradle.internal.dispatch.ReflectionDispatch.dispatch(ReflectionDispatch.java:35)
	at org.gradle.internal.dispatch.ReflectionDispatch.dispatch(ReflectionDispatch.java:24)
	at org.gradle.internal.remote.internal.hub.MessageHub$Handler.run(MessageHub.java:377)
	at org.gradle.internal.concurrent.ExecutorPolicy$CatchAndRecordFailures.onExecute(ExecutorPolicy.java:54)
	at org.gradle.internal.concurrent.StoppableExecutorImpl$1.run(StoppableExecutorImpl.java:40)
	at java.util.concurrent.ThreadPoolExecutor.runWorker(ThreadPoolExecutor.java:1142)
	at java.util.concurrent.ThreadPoolExecutor$Worker.run(ThreadPoolExecutor.java:617)
	at java.lang.Thread.run(Thread.java:745)
Caused by: org.springframework.beans.factory.BeanCreationException: Error creating bean with name 'flywayInitializer' defined in class path resource [org/springframework/boot/autoconfigure/flyway/FlywayAutoConfiguration$FlywayConfiguration.class]: Invocation of init method failed; nested exception is org.flywaydb.core.api.FlywayException: Unable to obtain Jdbc connection from DataSource
	at org.springframework.beans.factory.support.AbstractAutowireCapableBeanFactory.initializeBean(AbstractAutowireCapableBeanFactory.java:1589)
	at org.springframework.beans.factory.support.AbstractAutowireCapableBeanFactory.doCreateBean(AbstractAutowireCapableBeanFactory.java:554)
	at org.springframework.beans.factory.support.AbstractAutowireCapableBeanFactory.createBean(AbstractAutowireCapableBeanFactory.java:483)
	at org.springframework.beans.factory.support.AbstractBeanFactory$1.getObject(AbstractBeanFactory.java:306)
	at org.springframework.beans.factory.support.DefaultSingletonBeanRegistry.getSingleton(DefaultSingletonBeanRegistry.java:230)
	at org.springframework.beans.factory.support.AbstractBeanFactory.doGetBean(AbstractBeanFactory.java:302)
	at org.springframework.beans.factory.support.AbstractBeanFactory.getBean(AbstractBeanFactory.java:197)
	at org.springframework.beans.factory.support.AbstractBeanFactory.doGetBean(AbstractBeanFactory.java:296)
	at org.springframework.beans.factory.support.AbstractBeanFactory.getBean(AbstractBeanFactory.java:197)
	at org.springframework.context.support.AbstractApplicationContext.getBean(AbstractApplicationContext.java:1081)
	at org.springframework.context.support.AbstractApplicationContext.finishBeanFactoryInitialization(AbstractApplicationContext.java:856)
	at org.springframework.context.support.AbstractApplicationContext.refresh(AbstractApplicationContext.java:542)
	at org.springframework.boot.SpringApplication.refresh(SpringApplication.java:761)
	at org.springframework.boot.SpringApplication.refreshContext(SpringApplication.java:371)
	at org.springframework.boot.SpringApplication.run(SpringApplication.java:315)
	at org.springframework.boot.test.context.SpringBootContextLoader.loadContext(SpringBootContextLoader.java:111)
	at org.springframework.test.context.cache.DefaultCacheAwareContextLoaderDelegate.loadContextInternal(DefaultCacheAwareContextLoaderDelegate.java:98)
	at org.springframework.test.context.cache.DefaultCacheAwareContextLoaderDelegate.loadContext(DefaultCacheAwareContextLoaderDelegate.java:116)
	... 45 more
Caused by: org.flywaydb.core.api.FlywayException: Unable to obtain Jdbc connection from DataSource
	at org.flywaydb.core.internal.util.jdbc.JdbcUtils.openConnection(JdbcUtils.java:56)
	at org.flywaydb.core.Flyway.execute(Flyway.java:1144)
	at org.flywaydb.core.Flyway.migrate(Flyway.java:811)
	at org.springframework.boot.autoconfigure.flyway.FlywayMigrationInitializer.afterPropertiesSet(FlywayMigrationInitializer.java:66)
	at org.springframework.beans.factory.support.AbstractAutowireCapableBeanFactory.invokeInitMethods(AbstractAutowireCapableBeanFactory.java:1648)
	at org.springframework.beans.factory.support.AbstractAutowireCapableBeanFactory.initializeBean(AbstractAutowireCapableBeanFactory.java:1585)
	... 62 more
Caused by: java.sql.SQLException: The url cannot be null
	at java.sql.DriverManager.getConnection(DriverManager.java:649)
	at java.sql.DriverManager.getConnection(DriverManager.java:208)
	at org.apache.tomcat.jdbc.pool.PooledConnection.connectUsingDriver(PooledConnection.java:308)
	at org.apache.tomcat.jdbc.pool.PooledConnection.connect(PooledConnection.java:203)
	at org.apache.tomcat.jdbc.pool.ConnectionPool.createConnection(ConnectionPool.java:718)
	at org.apache.tomcat.jdbc.pool.ConnectionPool.borrowConnection(ConnectionPool.java:650)
	at org.apache.tomcat.jdbc.pool.ConnectionPool.init(ConnectionPool.java:468)
	at org.apache.tomcat.jdbc.pool.ConnectionPool.&lt;init&gt;(ConnectionPool.java:143)
	at org.apache.tomcat.jdbc.pool.DataSourceProxy.pCreatePool(DataSourceProxy.java:118)
	at org.apache.tomcat.jdbc.pool.DataSourceProxy.createPool(DataSourceProxy.java:107)
	at org.apache.tomcat.jdbc.pool.DataSourceProxy.getConnection(DataSourceProxy.java:131)
	at org.flywaydb.core.internal.util.jdbc.JdbcUtils.openConnection(JdbcUtils.java:50)
	... 67 more
</failure>
  </testcase>
  <testcase name="teste2" classname="work.assisjrs.AppTest1" time="0.0">
    <failure message="java.lang.IllegalStateException: Failed to load ApplicationContext" type="java.lang.IllegalStateException">java.lang.IllegalStateException: Failed to load ApplicationContext
	at org.springframework.test.context.cache.DefaultCacheAwareContextLoaderDelegate.loadContext(DefaultCacheAwareContextLoaderDelegate.java:124)
	at org.springframework.test.context.support.DefaultTestContext.getApplicationContext(DefaultTestContext.java:83)
	at org.springframework.test.context.web.ServletTestExecutionListener.setUpRequestContextIfNecessary(ServletTestExecutionListener.java:189)
	at org.springframework.test.context.web.ServletTestExecutionListener.prepareTestInstance(ServletTestExecutionListener.java:131)
	at org.springframework.test.context.TestContextManager.prepareTestInstance(TestContextManager.java:230)
	at org.springframework.test.context.junit4.SpringJUnit4ClassRunner.createTest(SpringJUnit4ClassRunner.java:228)
	at org.springframework.test.context.junit4.SpringJUnit4ClassRunner$1.runReflectiveCall(SpringJUnit4ClassRunner.java:287)
	at org.junit.internal.runners.model.ReflectiveCallable.run(ReflectiveCallable.java:12)
	at org.springframework.test.context.junit4.SpringJUnit4ClassRunner.methodBlock(SpringJUnit4ClassRunner.java:289)
	at org.springframework.test.context.junit4.SpringJUnit4ClassRunner.runChild(SpringJUnit4ClassRunner.java:247)
	at org.springframework.test.context.junit4.SpringJUnit4ClassRunner.runChild(SpringJUnit4ClassRunner.java:94)
	at org.junit.runners.ParentRunner$3.run(ParentRunner.java:290)
	at org.junit.runners.ParentRunner$1.schedule(ParentRunner.java:71)
	at org.junit.runners.ParentRunner.runChildren(ParentRunner.java:288)
	at org.junit.runners.ParentRunner.access$000(ParentRunner.java:58)
	at org.junit.runners.ParentRunner$2.evaluate(ParentRunner.java:268)
	at org.springframework.test.context.junit4.statements.RunBeforeTestClassCallbacks.evaluate(RunBeforeTestClassCallbacks.java:61)
	at org.springframework.test.context.junit4.statements.RunAfterTestClassCallbacks.evaluate(RunAfterTestClassCallbacks.java:70)
	at org.junit.runners.ParentRunner.run(ParentRunner.java:363)
	at org.springframework.test.context.junit4.SpringJUnit4ClassRunner.run(SpringJUnit4ClassRunner.java:191)
	at org.gradle.api.internal.tasks.testing.junit.JUnitTestClassExecuter.runTestClass(JUnitTestClassExecuter.java:114)
	at org.gradle.api.internal.tasks.testing.junit.JUnitTestClassExecuter.execute(JUnitTestClassExecuter.java:57)
	at org.gradle.api.internal.tasks.testing.junit.JUnitTestClassProcessor.processTestClass(JUnitTestClassProcessor.java:66)
	at org.gradle.api.internal.tasks.testing.SuiteTestClassProcessor.processTestClass(SuiteTestClassProcessor.java:51)
	at sun.reflect.NativeMethodAccessorImpl.invoke0(Native Method)
	at sun.reflect.NativeMethodAccessorImpl.invoke(NativeMethodAccessorImpl.java:62)
	at sun.reflect.DelegatingMethodAccessorImpl.invoke(DelegatingMethodAccessorImpl.java:43)
	at java.lang.reflect.Method.invoke(Method.java:498)
	at org.gradle.internal.dispatch.ReflectionDispatch.dispatch(ReflectionDispatch.java:35)
	at org.gradle.internal.dispatch.ReflectionDispatch.dispatch(ReflectionDispatch.java:24)
	at org.gradle.internal.dispatch.ContextClassLoaderDispatch.dispatch(ContextClassLoaderDispatch.java:32)
	at org.gradle.internal.dispatch.ProxyDispatchAdapter$DispatchingInvocationHandler.invoke(ProxyDispatchAdapter.java:93)
	at com.sun.proxy.$Proxy2.processTestClass(Unknown Source)
	at org.gradle.api.internal.tasks.testing.worker.TestWorker.processTestClass(TestWorker.java:109)
	at sun.reflect.NativeMethodAccessorImpl.invoke0(Native Method)
	at sun.reflect.NativeMethodAccessorImpl.invoke(NativeMethodAccessorImpl.java:62)
	at sun.reflect.DelegatingMethodAccessorImpl.invoke(DelegatingMethodAccessorImpl.java:43)
	at java.lang.reflect.Method.invoke(Method.java:498)
	at org.gradle.internal.dispatch.ReflectionDispatch.dispatch(ReflectionDispatch.java:35)
	at org.gradle.internal.dispatch.ReflectionDispatch.dispatch(ReflectionDispatch.java:24)
	at org.gradle.internal.remote.internal.hub.MessageHub$Handler.run(MessageHub.java:377)
	at org.gradle.internal.concurrent.ExecutorPolicy$CatchAndRecordFailures.onExecute(ExecutorPolicy.java:54)
	at org.gradle.internal.concurrent.StoppableExecutorImpl$1.run(StoppableExecutorImpl.java:40)
	at java.util.concurrent.ThreadPoolExecutor.runWorker(ThreadPoolExecutor.java:1142)
	at java.util.concurrent.ThreadPoolExecutor$Worker.run(ThreadPoolExecutor.java:617)
	at java.lang.Thread.run(Thread.java:745)
Caused by: org.springframework.beans.factory.BeanCreationException: Error creating bean with name 'flywayInitializer' defined in class path resource [org/springframework/boot/autoconfigure/flyway/FlywayAutoConfiguration$FlywayConfiguration.class]: Invocation of init method failed; nested exception is org.flywaydb.core.api.FlywayException: Unable to obtain Jdbc connection from DataSource
	at org.springframework.beans.factory.support.AbstractAutowireCapableBeanFactory.initializeBean(AbstractAutowireCapableBeanFactory.java:1589)
	at org.springframework.beans.factory.support.AbstractAutowireCapableBeanFactory.doCreateBean(AbstractAutowireCapableBeanFactory.java:554)
	at org.springframework.beans.factory.support.AbstractAutowireCapableBeanFactory.createBean(AbstractAutowireCapableBeanFactory.java:483)
	at org.springframework.beans.factory.support.AbstractBeanFactory$1.getObject(AbstractBeanFactory.java:306)
	at org.springframework.beans.factory.support.DefaultSingletonBeanRegistry.getSingleton(DefaultSingletonBeanRegistry.java:230)
	at org.springframework.beans.factory.support.AbstractBeanFactory.doGetBean(AbstractBeanFactory.java:302)
	at org.springframework.beans.factory.support.AbstractBeanFactory.getBean(AbstractBeanFactory.java:197)
	at org.springframework.beans.factory.support.AbstractBeanFactory.doGetBean(AbstractBeanFactory.java:296)
	at org.springframework.beans.factory.support.AbstractBeanFactory.getBean(AbstractBeanFactory.java:197)
	at org.springframework.context.support.AbstractApplicationContext.getBean(AbstractApplicationContext.java:1081)
	at org.springframework.context.support.AbstractApplicationContext.finishBeanFactoryInitialization(AbstractApplicationContext.java:856)
	at org.springframework.context.support.AbstractApplicationContext.refresh(AbstractApplicationContext.java:542)
	at org.springframework.boot.SpringApplication.refresh(SpringApplication.java:761)
	at org.springframework.boot.SpringApplication.refreshContext(SpringApplication.java:371)
	at org.springframework.boot.SpringApplication.run(SpringApplication.java:315)
	at org.springframework.boot.test.context.SpringBootContextLoader.loadContext(SpringBootContextLoader.java:111)
	at org.springframework.test.context.cache.DefaultCacheAwareContextLoaderDelegate.loadContextInternal(DefaultCacheAwareContextLoaderDelegate.java:98)
	at org.springframework.test.context.cache.DefaultCacheAwareContextLoaderDelegate.loadContext(DefaultCacheAwareContextLoaderDelegate.java:116)
	... 45 more
Caused by: org.flywaydb.core.api.FlywayException: Unable to obtain Jdbc connection from DataSource
	at org.flywaydb.core.internal.util.jdbc.JdbcUtils.openConnection(JdbcUtils.java:56)
	at org.flywaydb.core.Flyway.execute(Flyway.java:1144)
	at org.flywaydb.core.Flyway.migrate(Flyway.java:811)
	at org.springframework.boot.autoconfigure.flyway.FlywayMigrationInitializer.afterPropertiesSet(FlywayMigrationInitializer.java:66)
	at org.springframework.beans.factory.support.AbstractAutowireCapableBeanFactory.invokeInitMethods(AbstractAutowireCapableBeanFactory.java:1648)
	at org.springframework.beans.factory.support.AbstractAutowireCapableBeanFactory.initializeBean(AbstractAutowireCapableBeanFactory.java:1585)
	... 62 more
Caused by: java.sql.SQLException: The url cannot be null
	at java.sql.DriverManager.getConnection(DriverManager.java:649)
	at java.sql.DriverManager.getConnection(DriverManager.java:208)
	at org.apache.tomcat.jdbc.pool.PooledConnection.connectUsingDriver(PooledConnection.java:308)
	at org.apache.tomcat.jdbc.pool.PooledConnection.connect(PooledConnection.java:203)
	at org.apache.tomcat.jdbc.pool.ConnectionPool.createConnection(ConnectionPool.java:718)
	at org.apache.tomcat.jdbc.pool.ConnectionPool.borrowConnection(ConnectionPool.java:650)
	at org.apache.tomcat.jdbc.pool.ConnectionPool.init(ConnectionPool.java:468)
	at org.apache.tomcat.jdbc.pool.ConnectionPool.&lt;init&gt;(ConnectionPool.java:143)
	at org.apache.tomcat.jdbc.pool.DataSourceProxy.pCreatePool(DataSourceProxy.java:118)
	at org.apache.tomcat.jdbc.pool.DataSourceProxy.createPool(DataSourceProxy.java:107)
	at org.apache.tomcat.jdbc.pool.DataSourceProxy.getConnection(DataSourceProxy.java:131)
	at org.flywaydb.core.internal.util.jdbc.JdbcUtils.openConnection(JdbcUtils.java:50)
	... 67 more
</failure>
  </testcase>
  <system-out><![CDATA[2017-02-14 15:58:49.148  INFO 23240 --- [    Test worker] .b.t.c.SpringBootTestContextBootstrapper : Neither @ContextConfiguration nor @ContextHierarchy found for test class [work.assisjrs.AppTest1], using SpringBootContextLoader
2017-02-14 15:58:49.149  INFO 23240 --- [    Test worker] o.s.t.c.support.AbstractContextLoader    : Could not detect default resource locations for test class [work.assisjrs.AppTest1]: no resource found for suffixes {-context.xml, Context.groovy}.
2017-02-14 15:58:49.153  INFO 23240 --- [    Test worker] .b.t.c.SpringBootTestContextBootstrapper : Loaded default TestExecutionListener class names from location [META-INF/spring.factories]: [org.springframework.boot.test.mock.mockito.MockitoTestExecutionListener, org.springframework.boot.test.mock.mockito.ResetMocksTestExecutionListener, org.springframework.boot.test.autoconfigure.restdocs.RestDocsTestExecutionListener, org.springframework.boot.test.autoconfigure.web.client.MockRestServiceServerResetTestExecutionListener, org.springframework.boot.test.autoconfigure.web.servlet.MockMvcPrintOnlyOnFailureTestExecutionListener, org.springframework.boot.test.autoconfigure.web.servlet.WebDriverTestExecutionListener, org.springframework.test.context.web.ServletTestExecutionListener, org.springframework.test.context.support.DirtiesContextBeforeModesTestExecutionListener, org.springframework.test.context.support.DependencyInjectionTestExecutionListener, org.springframework.test.context.support.DirtiesContextTestExecutionListener, org.springframework.test.context.transaction.TransactionalTestExecutionListener, org.springframework.test.context.jdbc.SqlScriptsTestExecutionListener]
2017-02-14 15:58:49.155  INFO 23240 --- [    Test worker] .b.t.c.SpringBootTestContextBootstrapper : Using TestExecutionListeners: [org.springframework.test.context.web.ServletTestExecutionListener@62f6a6ac, org.springframework.test.context.support.DirtiesContextBeforeModesTestExecutionListener@3fba8257, org.springframework.boot.test.autoconfigure.SpringBootDependencyInjectionTestExecutionListener@3c99f4db, org.springframework.test.context.support.DirtiesContextTestExecutionListener@119394cc, org.springframework.test.context.transaction.TransactionalTestExecutionListener@46079394, org.springframework.test.context.jdbc.SqlScriptsTestExecutionListener@2d440939, org.springframework.boot.test.autoconfigure.web.client.MockRestServiceServerResetTestExecutionListener@5e080f66, org.springframework.boot.test.autoconfigure.web.servlet.WebDriverTestExecutionListener@53b0d59f, org.springframework.boot.test.autoconfigure.web.servlet.MockMvcPrintOnlyOnFailureTestExecutionListener@2951774e, org.springframework.boot.test.mock.mockito.MockitoTestExecutionListener@24d1be9c, org.springframework.boot.test.autoconfigure.restdocs.RestDocsTestExecutionListener@3a3ce65f, org.springframework.boot.test.mock.mockito.ResetMocksTestExecutionListener@6ff5d0aa]

  .   ____          _            __ _ _
 /\\ / ___'_ __ _ _(_)_ __  __ _ \ \ \ \
( ( )\___ | '_ | '_| | '_ \/ _` | \ \ \ \
 \\/  ___)| |_)| | | | | || (_| |  ) ) ) )
  '  |____| .__|_| |_|_| |_\__, | / / / /
 =========|_|==============|___/=/_/_/_/
 :: Spring Boot ::        (v1.4.2.RELEASE)

2017-02-14 15:58:49.198  INFO 23240 --- [    Test worker] work.assisjrs.AppTest1                   : Starting AppTest1 on assis-Inspiron-5457 with PID 23240 (started by assis in /home/assis/Documents/workspace-sts-3.8.2.RELEASE/SpringBootCrudBasico)
2017-02-14 15:58:49.199  INFO 23240 --- [    Test worker] work.assisjrs.AppTest1                   : No active profile set, falling back to default profiles: default
2017-02-14 15:58:49.201  INFO 23240 --- [    Test worker] o.s.w.c.s.GenericWebApplicationContext   : Refreshing org.springframework.web.context.support.GenericWebApplicationContext@1268337c: startup date [Tue Feb 14 15:58:49 BRST 2017]; root of context hierarchy
2017-02-14 15:58:49.845  INFO 23240 --- [    Test worker] trationDelegate$BeanPostProcessorChecker : Bean 'org.springframework.transaction.annotation.ProxyTransactionManagementConfiguration' of type [class org.springframework.transaction.annotation.ProxyTransactionManagementConfiguration$$EnhancerBySpringCGLIB$$b809ec2a] is not eligible for getting processed by all BeanPostProcessors (for example: not eligible for auto-proxying)
2017-02-14 15:58:49.862  INFO 23240 --- [    Test worker] trationDelegate$BeanPostProcessorChecker : Bean 'org.apache.camel.spring.boot.CamelAutoConfiguration' of type [class org.apache.camel.spring.boot.CamelAutoConfiguration$$EnhancerBySpringCGLIB$$da33b249] is not eligible for getting processed by all BeanPostProcessors (for example: not eligible for auto-proxying)
2017-02-14 15:58:50.006  WARN 23240 --- [    Test worker] o.a.tomcat.jdbc.pool.PooledConnection    : Not loading a JDBC driver as driverClassName property is null.
2017-02-14 15:58:50.019 ERROR 23240 --- [    Test worker] o.a.tomcat.jdbc.pool.ConnectionPool      : Unable to create initial connections of pool.

java.sql.SQLException: The url cannot be null
	at java.sql.DriverManager.getConnection(DriverManager.java:649) ~[na:1.8.0_121]
	at java.sql.DriverManager.getConnection(DriverManager.java:208) ~[na:1.8.0_121]
	at org.apache.tomcat.jdbc.pool.PooledConnection.connectUsingDriver(PooledConnection.java:308) ~[tomcat-jdbc-8.5.5.jar:na]
	at org.apache.tomcat.jdbc.pool.PooledConnection.connect(PooledConnection.java:203) ~[tomcat-jdbc-8.5.5.jar:na]
	at org.apache.tomcat.jdbc.pool.ConnectionPool.createConnection(ConnectionPool.java:718) [tomcat-jdbc-8.5.5.jar:na]
	at org.apache.tomcat.jdbc.pool.ConnectionPool.borrowConnection(ConnectionPool.java:650) [tomcat-jdbc-8.5.5.jar:na]
	at org.apache.tomcat.jdbc.pool.ConnectionPool.init(ConnectionPool.java:468) [tomcat-jdbc-8.5.5.jar:na]
	at org.apache.tomcat.jdbc.pool.ConnectionPool.<init>(ConnectionPool.java:143) [tomcat-jdbc-8.5.5.jar:na]
	at org.apache.tomcat.jdbc.pool.DataSourceProxy.pCreatePool(DataSourceProxy.java:118) [tomcat-jdbc-8.5.5.jar:na]
	at org.apache.tomcat.jdbc.pool.DataSourceProxy.createPool(DataSourceProxy.java:107) [tomcat-jdbc-8.5.5.jar:na]
	at org.apache.tomcat.jdbc.pool.DataSourceProxy.getConnection(DataSourceProxy.java:131) [tomcat-jdbc-8.5.5.jar:na]
	at org.flywaydb.core.internal.util.jdbc.JdbcUtils.openConnection(JdbcUtils.java:50) [flyway-core-3.0.jar:na]
	at org.flywaydb.core.Flyway.execute(Flyway.java:1144) [flyway-core-3.0.jar:na]
	at org.flywaydb.core.Flyway.migrate(Flyway.java:811) [flyway-core-3.0.jar:na]
	at org.springframework.boot.autoconfigure.flyway.FlywayMigrationInitializer.afterPropertiesSet(FlywayMigrationInitializer.java:66) [spring-boot-autoconfigure-1.4.2.RELEASE.jar:1.4.2.RELEASE]
	at org.springframework.beans.factory.support.AbstractAutowireCapableBeanFactory.invokeInitMethods(AbstractAutowireCapableBeanFactory.java:1648) [spring-beans-4.3.5.RELEASE.jar:4.3.5.RELEASE]
	at org.springframework.beans.factory.support.AbstractAutowireCapableBeanFactory.initializeBean(AbstractAutowireCapableBeanFactory.java:1585) [spring-beans-4.3.5.RELEASE.jar:4.3.5.RELEASE]
	at org.springframework.beans.factory.support.AbstractAutowireCapableBeanFactory.doCreateBean(AbstractAutowireCapableBeanFactory.java:554) [spring-beans-4.3.5.RELEASE.jar:4.3.5.RELEASE]
	at org.springframework.beans.factory.support.AbstractAutowireCapableBeanFactory.createBean(AbstractAutowireCapableBeanFactory.java:483) [spring-beans-4.3.5.RELEASE.jar:4.3.5.RELEASE]
	at org.springframework.beans.factory.support.AbstractBeanFactory$1.getObject(AbstractBeanFactory.java:306) [spring-beans-4.3.5.RELEASE.jar:4.3.5.RELEASE]
	at org.springframework.beans.factory.support.DefaultSingletonBeanRegistry.getSingleton(DefaultSingletonBeanRegistry.java:230) [spring-beans-4.3.5.RELEASE.jar:4.3.5.RELEASE]
	at org.springframework.beans.factory.support.AbstractBeanFactory.doGetBean(AbstractBeanFactory.java:302) [spring-beans-4.3.5.RELEASE.jar:4.3.5.RELEASE]
	at org.springframework.beans.factory.support.AbstractBeanFactory.getBean(AbstractBeanFactory.java:197) [spring-beans-4.3.5.RELEASE.jar:4.3.5.RELEASE]
	at org.springframework.beans.factory.support.AbstractBeanFactory.doGetBean(AbstractBeanFactory.java:296) [spring-beans-4.3.5.RELEASE.jar:4.3.5.RELEASE]
	at org.springframework.beans.factory.support.AbstractBeanFactory.getBean(AbstractBeanFactory.java:197) [spring-beans-4.3.5.RELEASE.jar:4.3.5.RELEASE]
	at org.springframework.context.support.AbstractApplicationContext.getBean(AbstractApplicationContext.java:1081) [spring-context-4.3.5.RELEASE.jar:4.3.5.RELEASE]
	at org.springframework.context.support.AbstractApplicationContext.finishBeanFactoryInitialization(AbstractApplicationContext.java:856) [spring-context-4.3.5.RELEASE.jar:4.3.5.RELEASE]
	at org.springframework.context.support.AbstractApplicationContext.refresh(AbstractApplicationContext.java:542) [spring-context-4.3.5.RELEASE.jar:4.3.5.RELEASE]
	at org.springframework.boot.SpringApplication.refresh(SpringApplication.java:761) [spring-boot-1.4.2.RELEASE.jar:1.4.2.RELEASE]
	at org.springframework.boot.SpringApplication.refreshContext(SpringApplication.java:371) [spring-boot-1.4.2.RELEASE.jar:1.4.2.RELEASE]
	at org.springframework.boot.SpringApplication.run(SpringApplication.java:315) [spring-boot-1.4.2.RELEASE.jar:1.4.2.RELEASE]
	at org.springframework.boot.test.context.SpringBootContextLoader.loadContext(SpringBootContextLoader.java:111) [spring-boot-test-1.4.1.RELEASE.jar:1.4.1.RELEASE]
	at org.springframework.test.context.cache.DefaultCacheAwareContextLoaderDelegate.loadContextInternal(DefaultCacheAwareContextLoaderDelegate.java:98) [spring-test-4.3.5.RELEASE.jar:4.3.5.RELEASE]
	at org.springframework.test.context.cache.DefaultCacheAwareContextLoaderDelegate.loadContext(DefaultCacheAwareContextLoaderDelegate.java:116) [spring-test-4.3.5.RELEASE.jar:4.3.5.RELEASE]
	at org.springframework.test.context.support.DefaultTestContext.getApplicationContext(DefaultTestContext.java:83) [spring-test-4.3.5.RELEASE.jar:4.3.5.RELEASE]
	at org.springframework.test.context.web.ServletTestExecutionListener.setUpRequestContextIfNecessary(ServletTestExecutionListener.java:189) [spring-test-4.3.5.RELEASE.jar:4.3.5.RELEASE]
	at org.springframework.test.context.web.ServletTestExecutionListener.prepareTestInstance(ServletTestExecutionListener.java:131) [spring-test-4.3.5.RELEASE.jar:4.3.5.RELEASE]
	at org.springframework.test.context.TestContextManager.prepareTestInstance(TestContextManager.java:230) [spring-test-4.3.5.RELEASE.jar:4.3.5.RELEASE]
	at org.springframework.test.context.junit4.SpringJUnit4ClassRunner.createTest(SpringJUnit4ClassRunner.java:228) [spring-test-4.3.5.RELEASE.jar:4.3.5.RELEASE]
	at org.springframework.test.context.junit4.SpringJUnit4ClassRunner$1.runReflectiveCall(SpringJUnit4ClassRunner.java:287) [spring-test-4.3.5.RELEASE.jar:4.3.5.RELEASE]
	at org.junit.internal.runners.model.ReflectiveCallable.run(ReflectiveCallable.java:12) [junit-4.12.jar:4.12]
	at org.springframework.test.context.junit4.SpringJUnit4ClassRunner.methodBlock(SpringJUnit4ClassRunner.java:289) [spring-test-4.3.5.RELEASE.jar:4.3.5.RELEASE]
	at org.springframework.test.context.junit4.SpringJUnit4ClassRunner.runChild(SpringJUnit4ClassRunner.java:247) [spring-test-4.3.5.RELEASE.jar:4.3.5.RELEASE]
	at org.springframework.test.context.junit4.SpringJUnit4ClassRunner.runChild(SpringJUnit4ClassRunner.java:94) [spring-test-4.3.5.RELEASE.jar:4.3.5.RELEASE]
	at org.junit.runners.ParentRunner$3.run(ParentRunner.java:290) [junit-4.12.jar:4.12]
	at org.junit.runners.ParentRunner$1.schedule(ParentRunner.java:71) [junit-4.12.jar:4.12]
	at org.junit.runners.ParentRunner.runChildren(ParentRunner.java:288) [junit-4.12.jar:4.12]
	at org.junit.runners.ParentRunner.access$000(ParentRunner.java:58) [junit-4.12.jar:4.12]
	at org.junit.runners.ParentRunner$2.evaluate(ParentRunner.java:268) [junit-4.12.jar:4.12]
	at org.springframework.test.context.junit4.statements.RunBeforeTestClassCallbacks.evaluate(RunBeforeTestClassCallbacks.java:61) [spring-test-4.3.5.RELEASE.jar:4.3.5.RELEASE]
	at org.springframework.test.context.junit4.statements.RunAfterTestClassCallbacks.evaluate(RunAfterTestClassCallbacks.java:70) [spring-test-4.3.5.RELEASE.jar:4.3.5.RELEASE]
	at org.junit.runners.ParentRunner.run(ParentRunner.java:363) [junit-4.12.jar:4.12]
	at org.springframework.test.context.junit4.SpringJUnit4ClassRunner.run(SpringJUnit4ClassRunner.java:191) [spring-test-4.3.5.RELEASE.jar:4.3.5.RELEASE]
	at org.gradle.api.internal.tasks.testing.junit.JUnitTestClassExecuter.runTestClass(JUnitTestClassExecuter.java:114) [gradle-testing-jvm-2.14.1.jar:2.14.1]
	at org.gradle.api.internal.tasks.testing.junit.JUnitTestClassExecuter.execute(JUnitTestClassExecuter.java:57) [gradle-testing-jvm-2.14.1.jar:2.14.1]
	at org.gradle.api.internal.tasks.testing.junit.JUnitTestClassProcessor.processTestClass(JUnitTestClassProcessor.java:66) [gradle-testing-jvm-2.14.1.jar:2.14.1]
	at org.gradle.api.internal.tasks.testing.SuiteTestClassProcessor.processTestClass(SuiteTestClassProcessor.java:51) [gradle-testing-base-2.14.1.jar:2.14.1]
	at sun.reflect.NativeMethodAccessorImpl.invoke0(Native Method) ~[na:1.8.0_121]
	at sun.reflect.NativeMethodAccessorImpl.invoke(NativeMethodAccessorImpl.java:62) ~[na:1.8.0_121]
	at sun.reflect.DelegatingMethodAccessorImpl.invoke(DelegatingMethodAccessorImpl.java:43) ~[na:1.8.0_121]
	at java.lang.reflect.Method.invoke(Method.java:498) ~[na:1.8.0_121]
	at org.gradle.internal.dispatch.ReflectionDispatch.dispatch(ReflectionDispatch.java:35) [gradle-messaging-2.14.1.jar:2.14.1]
	at org.gradle.internal.dispatch.ReflectionDispatch.dispatch(ReflectionDispatch.java:24) [gradle-messaging-2.14.1.jar:2.14.1]
	at org.gradle.internal.dispatch.ContextClassLoaderDispatch.dispatch(ContextClassLoaderDispatch.java:32) [gradle-messaging-2.14.1.jar:2.14.1]
	at org.gradle.internal.dispatch.ProxyDispatchAdapter$DispatchingInvocationHandler.invoke(ProxyDispatchAdapter.java:93) [gradle-messaging-2.14.1.jar:2.14.1]
	at com.sun.proxy.$Proxy2.processTestClass(Unknown Source) [na:na]
	at org.gradle.api.internal.tasks.testing.worker.TestWorker.processTestClass(TestWorker.java:109) [gradle-testing-base-2.14.1.jar:2.14.1]
	at sun.reflect.NativeMethodAccessorImpl.invoke0(Native Method) ~[na:1.8.0_121]
	at sun.reflect.NativeMethodAccessorImpl.invoke(NativeMethodAccessorImpl.java:62) ~[na:1.8.0_121]
	at sun.reflect.DelegatingMethodAccessorImpl.invoke(DelegatingMethodAccessorImpl.java:43) ~[na:1.8.0_121]
	at java.lang.reflect.Method.invoke(Method.java:498) ~[na:1.8.0_121]
	at org.gradle.internal.dispatch.ReflectionDispatch.dispatch(ReflectionDispatch.java:35) [gradle-messaging-2.14.1.jar:2.14.1]
	at org.gradle.internal.dispatch.ReflectionDispatch.dispatch(ReflectionDispatch.java:24) [gradle-messaging-2.14.1.jar:2.14.1]
	at org.gradle.internal.remote.internal.hub.MessageHub$Handler.run(MessageHub.java:377) [gradle-messaging-2.14.1.jar:2.14.1]
	at org.gradle.internal.concurrent.ExecutorPolicy$CatchAndRecordFailures.onExecute(ExecutorPolicy.java:54) [gradle-base-services-2.14.1.jar:2.14.1]
	at org.gradle.internal.concurrent.StoppableExecutorImpl$1.run(StoppableExecutorImpl.java:40) [gradle-base-services-2.14.1.jar:2.14.1]
	at java.util.concurrent.ThreadPoolExecutor.runWorker(ThreadPoolExecutor.java:1142) [na:1.8.0_121]
	at java.util.concurrent.ThreadPoolExecutor$Worker.run(ThreadPoolExecutor.java:617) [na:1.8.0_121]
	at java.lang.Thread.run(Thread.java:745) [na:1.8.0_121]

2017-02-14 15:58:50.029  WARN 23240 --- [    Test worker] o.s.w.c.s.GenericWebApplicationContext   : Exception encountered during context initialization - cancelling refresh attempt: org.springframework.beans.factory.BeanCreationException: Error creating bean with name 'flywayInitializer' defined in class path resource [org/springframework/boot/autoconfigure/flyway/FlywayAutoConfiguration$FlywayConfiguration.class]: Invocation of init method failed; nested exception is org.flywaydb.core.api.FlywayException: Unable to obtain Jdbc connection from DataSource
2017-02-14 15:58:50.032  INFO 23240 --- [    Test worker] utoConfigurationReportLoggingInitializer : 

Error starting ApplicationContext. To display the auto-configuration report re-run your application with 'debug' enabled.
2017-02-14 15:58:50.036 ERROR 23240 --- [    Test worker] o.s.boot.SpringApplication               : Application startup failed

org.springframework.beans.factory.BeanCreationException: Error creating bean with name 'flywayInitializer' defined in class path resource [org/springframework/boot/autoconfigure/flyway/FlywayAutoConfiguration$FlywayConfiguration.class]: Invocation of init method failed; nested exception is org.flywaydb.core.api.FlywayException: Unable to obtain Jdbc connection from DataSource
	at org.springframework.beans.factory.support.AbstractAutowireCapableBeanFactory.initializeBean(AbstractAutowireCapableBeanFactory.java:1589) ~[spring-beans-4.3.5.RELEASE.jar:4.3.5.RELEASE]
	at org.springframework.beans.factory.support.AbstractAutowireCapableBeanFactory.doCreateBean(AbstractAutowireCapableBeanFactory.java:554) ~[spring-beans-4.3.5.RELEASE.jar:4.3.5.RELEASE]
	at org.springframework.beans.factory.support.AbstractAutowireCapableBeanFactory.createBean(AbstractAutowireCapableBeanFactory.java:483) ~[spring-beans-4.3.5.RELEASE.jar:4.3.5.RELEASE]
	at org.springframework.beans.factory.support.AbstractBeanFactory$1.getObject(AbstractBeanFactory.java:306) ~[spring-beans-4.3.5.RELEASE.jar:4.3.5.RELEASE]
	at org.springframework.beans.factory.support.DefaultSingletonBeanRegistry.getSingleton(DefaultSingletonBeanRegistry.java:230) ~[spring-beans-4.3.5.RELEASE.jar:4.3.5.RELEASE]
	at org.springframework.beans.factory.support.AbstractBeanFactory.doGetBean(AbstractBeanFactory.java:302) ~[spring-beans-4.3.5.RELEASE.jar:4.3.5.RELEASE]
	at org.springframework.beans.factory.support.AbstractBeanFactory.getBean(AbstractBeanFactory.java:197) ~[spring-beans-4.3.5.RELEASE.jar:4.3.5.RELEASE]
	at org.springframework.beans.factory.support.AbstractBeanFactory.doGetBean(AbstractBeanFactory.java:296) ~[spring-beans-4.3.5.RELEASE.jar:4.3.5.RELEASE]
	at org.springframework.beans.factory.support.AbstractBeanFactory.getBean(AbstractBeanFactory.java:197) ~[spring-beans-4.3.5.RELEASE.jar:4.3.5.RELEASE]
	at org.springframework.context.support.AbstractApplicationContext.getBean(AbstractApplicationContext.java:1081) ~[spring-context-4.3.5.RELEASE.jar:4.3.5.RELEASE]
	at org.springframework.context.support.AbstractApplicationContext.finishBeanFactoryInitialization(AbstractApplicationContext.java:856) ~[spring-context-4.3.5.RELEASE.jar:4.3.5.RELEASE]
	at org.springframework.context.support.AbstractApplicationContext.refresh(AbstractApplicationContext.java:542) ~[spring-context-4.3.5.RELEASE.jar:4.3.5.RELEASE]
	at org.springframework.boot.SpringApplication.refresh(SpringApplication.java:761) ~[spring-boot-1.4.2.RELEASE.jar:1.4.2.RELEASE]
	at org.springframework.boot.SpringApplication.refreshContext(SpringApplication.java:371) ~[spring-boot-1.4.2.RELEASE.jar:1.4.2.RELEASE]
	at org.springframework.boot.SpringApplication.run(SpringApplication.java:315) ~[spring-boot-1.4.2.RELEASE.jar:1.4.2.RELEASE]
	at org.springframework.boot.test.context.SpringBootContextLoader.loadContext(SpringBootContextLoader.java:111) [spring-boot-test-1.4.1.RELEASE.jar:1.4.1.RELEASE]
	at org.springframework.test.context.cache.DefaultCacheAwareContextLoaderDelegate.loadContextInternal(DefaultCacheAwareContextLoaderDelegate.java:98) [spring-test-4.3.5.RELEASE.jar:4.3.5.RELEASE]
	at org.springframework.test.context.cache.DefaultCacheAwareContextLoaderDelegate.loadContext(DefaultCacheAwareContextLoaderDelegate.java:116) [spring-test-4.3.5.RELEASE.jar:4.3.5.RELEASE]
	at org.springframework.test.context.support.DefaultTestContext.getApplicationContext(DefaultTestContext.java:83) [spring-test-4.3.5.RELEASE.jar:4.3.5.RELEASE]
	at org.springframework.test.context.web.ServletTestExecutionListener.setUpRequestContextIfNecessary(ServletTestExecutionListener.java:189) [spring-test-4.3.5.RELEASE.jar:4.3.5.RELEASE]
	at org.springframework.test.context.web.ServletTestExecutionListener.prepareTestInstance(ServletTestExecutionListener.java:131) [spring-test-4.3.5.RELEASE.jar:4.3.5.RELEASE]
	at org.springframework.test.context.TestContextManager.prepareTestInstance(TestContextManager.java:230) [spring-test-4.3.5.RELEASE.jar:4.3.5.RELEASE]
	at org.springframework.test.context.junit4.SpringJUnit4ClassRunner.createTest(SpringJUnit4ClassRunner.java:228) [spring-test-4.3.5.RELEASE.jar:4.3.5.RELEASE]
	at org.springframework.test.context.junit4.SpringJUnit4ClassRunner$1.runReflectiveCall(SpringJUnit4ClassRunner.java:287) [spring-test-4.3.5.RELEASE.jar:4.3.5.RELEASE]
	at org.junit.internal.runners.model.ReflectiveCallable.run(ReflectiveCallable.java:12) [junit-4.12.jar:4.12]
	at org.springframework.test.context.junit4.SpringJUnit4ClassRunner.methodBlock(SpringJUnit4ClassRunner.java:289) [spring-test-4.3.5.RELEASE.jar:4.3.5.RELEASE]
	at org.springframework.test.context.junit4.SpringJUnit4ClassRunner.runChild(SpringJUnit4ClassRunner.java:247) [spring-test-4.3.5.RELEASE.jar:4.3.5.RELEASE]
	at org.springframework.test.context.junit4.SpringJUnit4ClassRunner.runChild(SpringJUnit4ClassRunner.java:94) [spring-test-4.3.5.RELEASE.jar:4.3.5.RELEASE]
	at org.junit.runners.ParentRunner$3.run(ParentRunner.java:290) [junit-4.12.jar:4.12]
	at org.junit.runners.ParentRunner$1.schedule(ParentRunner.java:71) [junit-4.12.jar:4.12]
	at org.junit.runners.ParentRunner.runChildren(ParentRunner.java:288) [junit-4.12.jar:4.12]
	at org.junit.runners.ParentRunner.access$000(ParentRunner.java:58) [junit-4.12.jar:4.12]
	at org.junit.runners.ParentRunner$2.evaluate(ParentRunner.java:268) [junit-4.12.jar:4.12]
	at org.springframework.test.context.junit4.statements.RunBeforeTestClassCallbacks.evaluate(RunBeforeTestClassCallbacks.java:61) [spring-test-4.3.5.RELEASE.jar:4.3.5.RELEASE]
	at org.springframework.test.context.junit4.statements.RunAfterTestClassCallbacks.evaluate(RunAfterTestClassCallbacks.java:70) [spring-test-4.3.5.RELEASE.jar:4.3.5.RELEASE]
	at org.junit.runners.ParentRunner.run(ParentRunner.java:363) [junit-4.12.jar:4.12]
	at org.springframework.test.context.junit4.SpringJUnit4ClassRunner.run(SpringJUnit4ClassRunner.java:191) [spring-test-4.3.5.RELEASE.jar:4.3.5.RELEASE]
	at org.gradle.api.internal.tasks.testing.junit.JUnitTestClassExecuter.runTestClass(JUnitTestClassExecuter.java:114) [gradle-testing-jvm-2.14.1.jar:2.14.1]
	at org.gradle.api.internal.tasks.testing.junit.JUnitTestClassExecuter.execute(JUnitTestClassExecuter.java:57) [gradle-testing-jvm-2.14.1.jar:2.14.1]
	at org.gradle.api.internal.tasks.testing.junit.JUnitTestClassProcessor.processTestClass(JUnitTestClassProcessor.java:66) [gradle-testing-jvm-2.14.1.jar:2.14.1]
	at org.gradle.api.internal.tasks.testing.SuiteTestClassProcessor.processTestClass(SuiteTestClassProcessor.java:51) [gradle-testing-base-2.14.1.jar:2.14.1]
	at sun.reflect.NativeMethodAccessorImpl.invoke0(Native Method) ~[na:1.8.0_121]
	at sun.reflect.NativeMethodAccessorImpl.invoke(NativeMethodAccessorImpl.java:62) ~[na:1.8.0_121]
	at sun.reflect.DelegatingMethodAccessorImpl.invoke(DelegatingMethodAccessorImpl.java:43) ~[na:1.8.0_121]
	at java.lang.reflect.Method.invoke(Method.java:498) ~[na:1.8.0_121]
	at org.gradle.internal.dispatch.ReflectionDispatch.dispatch(ReflectionDispatch.java:35) [gradle-messaging-2.14.1.jar:2.14.1]
	at org.gradle.internal.dispatch.ReflectionDispatch.dispatch(ReflectionDispatch.java:24) [gradle-messaging-2.14.1.jar:2.14.1]
	at org.gradle.internal.dispatch.ContextClassLoaderDispatch.dispatch(ContextClassLoaderDispatch.java:32) [gradle-messaging-2.14.1.jar:2.14.1]
	at org.gradle.internal.dispatch.ProxyDispatchAdapter$DispatchingInvocationHandler.invoke(ProxyDispatchAdapter.java:93) [gradle-messaging-2.14.1.jar:2.14.1]
	at com.sun.proxy.$Proxy2.processTestClass(Unknown Source) [na:na]
	at org.gradle.api.internal.tasks.testing.worker.TestWorker.processTestClass(TestWorker.java:109) [gradle-testing-base-2.14.1.jar:2.14.1]
	at sun.reflect.NativeMethodAccessorImpl.invoke0(Native Method) ~[na:1.8.0_121]
	at sun.reflect.NativeMethodAccessorImpl.invoke(NativeMethodAccessorImpl.java:62) ~[na:1.8.0_121]
	at sun.reflect.DelegatingMethodAccessorImpl.invoke(DelegatingMethodAccessorImpl.java:43) ~[na:1.8.0_121]
	at java.lang.reflect.Method.invoke(Method.java:498) ~[na:1.8.0_121]
	at org.gradle.internal.dispatch.ReflectionDispatch.dispatch(ReflectionDispatch.java:35) [gradle-messaging-2.14.1.jar:2.14.1]
	at org.gradle.internal.dispatch.ReflectionDispatch.dispatch(ReflectionDispatch.java:24) [gradle-messaging-2.14.1.jar:2.14.1]
	at org.gradle.internal.remote.internal.hub.MessageHub$Handler.run(MessageHub.java:377) [gradle-messaging-2.14.1.jar:2.14.1]
	at org.gradle.internal.concurrent.ExecutorPolicy$CatchAndRecordFailures.onExecute(ExecutorPolicy.java:54) [gradle-base-services-2.14.1.jar:2.14.1]
	at org.gradle.internal.concurrent.StoppableExecutorImpl$1.run(StoppableExecutorImpl.java:40) [gradle-base-services-2.14.1.jar:2.14.1]
	at java.util.concurrent.ThreadPoolExecutor.runWorker(ThreadPoolExecutor.java:1142) [na:1.8.0_121]
	at java.util.concurrent.ThreadPoolExecutor$Worker.run(ThreadPoolExecutor.java:617) [na:1.8.0_121]
	at java.lang.Thread.run(Thread.java:745) [na:1.8.0_121]
Caused by: org.flywaydb.core.api.FlywayException: Unable to obtain Jdbc connection from DataSource
	at org.flywaydb.core.internal.util.jdbc.JdbcUtils.openConnection(JdbcUtils.java:56) ~[flyway-core-3.0.jar:na]
	at org.flywaydb.core.Flyway.execute(Flyway.java:1144) ~[flyway-core-3.0.jar:na]
	at org.flywaydb.core.Flyway.migrate(Flyway.java:811) ~[flyway-core-3.0.jar:na]
	at org.springframework.boot.autoconfigure.flyway.FlywayMigrationInitializer.afterPropertiesSet(FlywayMigrationInitializer.java:66) ~[spring-boot-autoconfigure-1.4.2.RELEASE.jar:1.4.2.RELEASE]
	at org.springframework.beans.factory.support.AbstractAutowireCapableBeanFactory.invokeInitMethods(AbstractAutowireCapableBeanFactory.java:1648) ~[spring-beans-4.3.5.RELEASE.jar:4.3.5.RELEASE]
	at org.springframework.beans.factory.support.AbstractAutowireCapableBeanFactory.initializeBean(AbstractAutowireCapableBeanFactory.java:1585) ~[spring-beans-4.3.5.RELEASE.jar:4.3.5.RELEASE]
	... 62 common frames omitted
Caused by: java.sql.SQLException: The url cannot be null
	at java.sql.DriverManager.getConnection(DriverManager.java:649) ~[na:1.8.0_121]
	at java.sql.DriverManager.getConnection(DriverManager.java:208) ~[na:1.8.0_121]
	at org.apache.tomcat.jdbc.pool.PooledConnection.connectUsingDriver(PooledConnection.java:308) ~[tomcat-jdbc-8.5.5.jar:na]
	at org.apache.tomcat.jdbc.pool.PooledConnection.connect(PooledConnection.java:203) ~[tomcat-jdbc-8.5.5.jar:na]
	at org.apache.tomcat.jdbc.pool.ConnectionPool.createConnection(ConnectionPool.java:718) ~[tomcat-jdbc-8.5.5.jar:na]
	at org.apache.tomcat.jdbc.pool.ConnectionPool.borrowConnection(ConnectionPool.java:650) ~[tomcat-jdbc-8.5.5.jar:na]
	at org.apache.tomcat.jdbc.pool.ConnectionPool.init(ConnectionPool.java:468) ~[tomcat-jdbc-8.5.5.jar:na]
	at org.apache.tomcat.jdbc.pool.ConnectionPool.<init>(ConnectionPool.java:143) ~[tomcat-jdbc-8.5.5.jar:na]
	at org.apache.tomcat.jdbc.pool.DataSourceProxy.pCreatePool(DataSourceProxy.java:118) ~[tomcat-jdbc-8.5.5.jar:na]
	at org.apache.tomcat.jdbc.pool.DataSourceProxy.createPool(DataSourceProxy.java:107) ~[tomcat-jdbc-8.5.5.jar:na]
	at org.apache.tomcat.jdbc.pool.DataSourceProxy.getConnection(DataSourceProxy.java:131) ~[tomcat-jdbc-8.5.5.jar:na]
	at org.flywaydb.core.internal.util.jdbc.JdbcUtils.openConnection(JdbcUtils.java:50) ~[flyway-core-3.0.jar:na]
	... 67 common frames omitted

2017-02-14 15:58:50.046 ERROR 23240 --- [    Test worker] o.s.test.context.TestContextManager      : Caught exception while allowing TestExecutionListener [org.springframework.test.context.web.ServletTestExecutionListener@62f6a6ac] to prepare test instance [work.assisjrs.AppTest1@5881c307]

java.lang.IllegalStateException: Failed to load ApplicationContext
	at org.springframework.test.context.cache.DefaultCacheAwareContextLoaderDelegate.loadContext(DefaultCacheAwareContextLoaderDelegate.java:124) ~[spring-test-4.3.5.RELEASE.jar:4.3.5.RELEASE]
	at org.springframework.test.context.support.DefaultTestContext.getApplicationContext(DefaultTestContext.java:83) ~[spring-test-4.3.5.RELEASE.jar:4.3.5.RELEASE]
	at org.springframework.test.context.web.ServletTestExecutionListener.setUpRequestContextIfNecessary(ServletTestExecutionListener.java:189) ~[spring-test-4.3.5.RELEASE.jar:4.3.5.RELEASE]
	at org.springframework.test.context.web.ServletTestExecutionListener.prepareTestInstance(ServletTestExecutionListener.java:131) ~[spring-test-4.3.5.RELEASE.jar:4.3.5.RELEASE]
	at org.springframework.test.context.TestContextManager.prepareTestInstance(TestContextManager.java:230) ~[spring-test-4.3.5.RELEASE.jar:4.3.5.RELEASE]
	at org.springframework.test.context.junit4.SpringJUnit4ClassRunner.createTest(SpringJUnit4ClassRunner.java:228) [spring-test-4.3.5.RELEASE.jar:4.3.5.RELEASE]
	at org.springframework.test.context.junit4.SpringJUnit4ClassRunner$1.runReflectiveCall(SpringJUnit4ClassRunner.java:287) [spring-test-4.3.5.RELEASE.jar:4.3.5.RELEASE]
	at org.junit.internal.runners.model.ReflectiveCallable.run(ReflectiveCallable.java:12) [junit-4.12.jar:4.12]
	at org.springframework.test.context.junit4.SpringJUnit4ClassRunner.methodBlock(SpringJUnit4ClassRunner.java:289) [spring-test-4.3.5.RELEASE.jar:4.3.5.RELEASE]
	at org.springframework.test.context.junit4.SpringJUnit4ClassRunner.runChild(SpringJUnit4ClassRunner.java:247) [spring-test-4.3.5.RELEASE.jar:4.3.5.RELEASE]
	at org.springframework.test.context.junit4.SpringJUnit4ClassRunner.runChild(SpringJUnit4ClassRunner.java:94) [spring-test-4.3.5.RELEASE.jar:4.3.5.RELEASE]
	at org.junit.runners.ParentRunner$3.run(ParentRunner.java:290) [junit-4.12.jar:4.12]
	at org.junit.runners.ParentRunner$1.schedule(ParentRunner.java:71) [junit-4.12.jar:4.12]
	at org.junit.runners.ParentRunner.runChildren(ParentRunner.java:288) [junit-4.12.jar:4.12]
	at org.junit.runners.ParentRunner.access$000(ParentRunner.java:58) [junit-4.12.jar:4.12]
	at org.junit.runners.ParentRunner$2.evaluate(ParentRunner.java:268) [junit-4.12.jar:4.12]
	at org.springframework.test.context.junit4.statements.RunBeforeTestClassCallbacks.evaluate(RunBeforeTestClassCallbacks.java:61) [spring-test-4.3.5.RELEASE.jar:4.3.5.RELEASE]
	at org.springframework.test.context.junit4.statements.RunAfterTestClassCallbacks.evaluate(RunAfterTestClassCallbacks.java:70) [spring-test-4.3.5.RELEASE.jar:4.3.5.RELEASE]
	at org.junit.runners.ParentRunner.run(ParentRunner.java:363) [junit-4.12.jar:4.12]
	at org.springframework.test.context.junit4.SpringJUnit4ClassRunner.run(SpringJUnit4ClassRunner.java:191) [spring-test-4.3.5.RELEASE.jar:4.3.5.RELEASE]
	at org.gradle.api.internal.tasks.testing.junit.JUnitTestClassExecuter.runTestClass(JUnitTestClassExecuter.java:114) [gradle-testing-jvm-2.14.1.jar:2.14.1]
	at org.gradle.api.internal.tasks.testing.junit.JUnitTestClassExecuter.execute(JUnitTestClassExecuter.java:57) [gradle-testing-jvm-2.14.1.jar:2.14.1]
	at org.gradle.api.internal.tasks.testing.junit.JUnitTestClassProcessor.processTestClass(JUnitTestClassProcessor.java:66) [gradle-testing-jvm-2.14.1.jar:2.14.1]
	at org.gradle.api.internal.tasks.testing.SuiteTestClassProcessor.processTestClass(SuiteTestClassProcessor.java:51) [gradle-testing-base-2.14.1.jar:2.14.1]
	at sun.reflect.NativeMethodAccessorImpl.invoke0(Native Method) ~[na:1.8.0_121]
	at sun.reflect.NativeMethodAccessorImpl.invoke(NativeMethodAccessorImpl.java:62) ~[na:1.8.0_121]
	at sun.reflect.DelegatingMethodAccessorImpl.invoke(DelegatingMethodAccessorImpl.java:43) ~[na:1.8.0_121]
	at java.lang.reflect.Method.invoke(Method.java:498) ~[na:1.8.0_121]
	at org.gradle.internal.dispatch.ReflectionDispatch.dispatch(ReflectionDispatch.java:35) [gradle-messaging-2.14.1.jar:2.14.1]
	at org.gradle.internal.dispatch.ReflectionDispatch.dispatch(ReflectionDispatch.java:24) [gradle-messaging-2.14.1.jar:2.14.1]
	at org.gradle.internal.dispatch.ContextClassLoaderDispatch.dispatch(ContextClassLoaderDispatch.java:32) [gradle-messaging-2.14.1.jar:2.14.1]
	at org.gradle.internal.dispatch.ProxyDispatchAdapter$DispatchingInvocationHandler.invoke(ProxyDispatchAdapter.java:93) [gradle-messaging-2.14.1.jar:2.14.1]
	at com.sun.proxy.$Proxy2.processTestClass(Unknown Source) [na:na]
	at org.gradle.api.internal.tasks.testing.worker.TestWorker.processTestClass(TestWorker.java:109) [gradle-testing-base-2.14.1.jar:2.14.1]
	at sun.reflect.NativeMethodAccessorImpl.invoke0(Native Method) ~[na:1.8.0_121]
	at sun.reflect.NativeMethodAccessorImpl.invoke(NativeMethodAccessorImpl.java:62) ~[na:1.8.0_121]
	at sun.reflect.DelegatingMethodAccessorImpl.invoke(DelegatingMethodAccessorImpl.java:43) ~[na:1.8.0_121]
	at java.lang.reflect.Method.invoke(Method.java:498) ~[na:1.8.0_121]
	at org.gradle.internal.dispatch.ReflectionDispatch.dispatch(ReflectionDispatch.java:35) [gradle-messaging-2.14.1.jar:2.14.1]
	at org.gradle.internal.dispatch.ReflectionDispatch.dispatch(ReflectionDispatch.java:24) [gradle-messaging-2.14.1.jar:2.14.1]
	at org.gradle.internal.remote.internal.hub.MessageHub$Handler.run(MessageHub.java:377) [gradle-messaging-2.14.1.jar:2.14.1]
	at org.gradle.internal.concurrent.ExecutorPolicy$CatchAndRecordFailures.onExecute(ExecutorPolicy.java:54) [gradle-base-services-2.14.1.jar:2.14.1]
	at org.gradle.internal.concurrent.StoppableExecutorImpl$1.run(StoppableExecutorImpl.java:40) [gradle-base-services-2.14.1.jar:2.14.1]
	at java.util.concurrent.ThreadPoolExecutor.runWorker(ThreadPoolExecutor.java:1142) [na:1.8.0_121]
	at java.util.concurrent.ThreadPoolExecutor$Worker.run(ThreadPoolExecutor.java:617) [na:1.8.0_121]
	at java.lang.Thread.run(Thread.java:745) [na:1.8.0_121]
Caused by: org.springframework.beans.factory.BeanCreationException: Error creating bean with name 'flywayInitializer' defined in class path resource [org/springframework/boot/autoconfigure/flyway/FlywayAutoConfiguration$FlywayConfiguration.class]: Invocation of init method failed; nested exception is org.flywaydb.core.api.FlywayException: Unable to obtain Jdbc connection from DataSource
	at org.springframework.beans.factory.support.AbstractAutowireCapableBeanFactory.initializeBean(AbstractAutowireCapableBeanFactory.java:1589) ~[spring-beans-4.3.5.RELEASE.jar:4.3.5.RELEASE]
	at org.springframework.beans.factory.support.AbstractAutowireCapableBeanFactory.doCreateBean(AbstractAutowireCapableBeanFactory.java:554) ~[spring-beans-4.3.5.RELEASE.jar:4.3.5.RELEASE]
	at org.springframework.beans.factory.support.AbstractAutowireCapableBeanFactory.createBean(AbstractAutowireCapableBeanFactory.java:483) ~[spring-beans-4.3.5.RELEASE.jar:4.3.5.RELEASE]
	at org.springframework.beans.factory.support.AbstractBeanFactory$1.getObject(AbstractBeanFactory.java:306) ~[spring-beans-4.3.5.RELEASE.jar:4.3.5.RELEASE]
	at org.springframework.beans.factory.support.DefaultSingletonBeanRegistry.getSingleton(DefaultSingletonBeanRegistry.java:230) ~[spring-beans-4.3.5.RELEASE.jar:4.3.5.RELEASE]
	at org.springframework.beans.factory.support.AbstractBeanFactory.doGetBean(AbstractBeanFactory.java:302) ~[spring-beans-4.3.5.RELEASE.jar:4.3.5.RELEASE]
	at org.springframework.beans.factory.support.AbstractBeanFactory.getBean(AbstractBeanFactory.java:197) ~[spring-beans-4.3.5.RELEASE.jar:4.3.5.RELEASE]
	at org.springframework.beans.factory.support.AbstractBeanFactory.doGetBean(AbstractBeanFactory.java:296) ~[spring-beans-4.3.5.RELEASE.jar:4.3.5.RELEASE]
	at org.springframework.beans.factory.support.AbstractBeanFactory.getBean(AbstractBeanFactory.java:197) ~[spring-beans-4.3.5.RELEASE.jar:4.3.5.RELEASE]
	at org.springframework.context.support.AbstractApplicationContext.getBean(AbstractApplicationContext.java:1081) ~[spring-context-4.3.5.RELEASE.jar:4.3.5.RELEASE]
	at org.springframework.context.support.AbstractApplicationContext.finishBeanFactoryInitialization(AbstractApplicationContext.java:856) ~[spring-context-4.3.5.RELEASE.jar:4.3.5.RELEASE]
	at org.springframework.context.support.AbstractApplicationContext.refresh(AbstractApplicationContext.java:542) ~[spring-context-4.3.5.RELEASE.jar:4.3.5.RELEASE]
	at org.springframework.boot.SpringApplication.refresh(SpringApplication.java:761) ~[spring-boot-1.4.2.RELEASE.jar:1.4.2.RELEASE]
	at org.springframework.boot.SpringApplication.refreshContext(SpringApplication.java:371) ~[spring-boot-1.4.2.RELEASE.jar:1.4.2.RELEASE]
	at org.springframework.boot.SpringApplication.run(SpringApplication.java:315) ~[spring-boot-1.4.2.RELEASE.jar:1.4.2.RELEASE]
	at org.springframework.boot.test.context.SpringBootContextLoader.loadContext(SpringBootContextLoader.java:111) ~[spring-boot-test-1.4.1.RELEASE.jar:1.4.1.RELEASE]
	at org.springframework.test.context.cache.DefaultCacheAwareContextLoaderDelegate.loadContextInternal(DefaultCacheAwareContextLoaderDelegate.java:98) ~[spring-test-4.3.5.RELEASE.jar:4.3.5.RELEASE]
	at org.springframework.test.context.cache.DefaultCacheAwareContextLoaderDelegate.loadContext(DefaultCacheAwareContextLoaderDelegate.java:116) ~[spring-test-4.3.5.RELEASE.jar:4.3.5.RELEASE]
	... 45 common frames omitted
Caused by: org.flywaydb.core.api.FlywayException: Unable to obtain Jdbc connection from DataSource
	at org.flywaydb.core.internal.util.jdbc.JdbcUtils.openConnection(JdbcUtils.java:56) ~[flyway-core-3.0.jar:na]
	at org.flywaydb.core.Flyway.execute(Flyway.java:1144) ~[flyway-core-3.0.jar:na]
	at org.flywaydb.core.Flyway.migrate(Flyway.java:811) ~[flyway-core-3.0.jar:na]
	at org.springframework.boot.autoconfigure.flyway.FlywayMigrationInitializer.afterPropertiesSet(FlywayMigrationInitializer.java:66) ~[spring-boot-autoconfigure-1.4.2.RELEASE.jar:1.4.2.RELEASE]
	at org.springframework.beans.factory.support.AbstractAutowireCapableBeanFactory.invokeInitMethods(AbstractAutowireCapableBeanFactory.java:1648) ~[spring-beans-4.3.5.RELEASE.jar:4.3.5.RELEASE]
	at org.springframework.beans.factory.support.AbstractAutowireCapableBeanFactory.initializeBean(AbstractAutowireCapableBeanFactory.java:1585) ~[spring-beans-4.3.5.RELEASE.jar:4.3.5.RELEASE]
	... 62 common frames omitted
Caused by: java.sql.SQLException: The url cannot be null
	at java.sql.DriverManager.getConnection(DriverManager.java:649) ~[na:1.8.0_121]
	at java.sql.DriverManager.getConnection(DriverManager.java:208) ~[na:1.8.0_121]
	at org.apache.tomcat.jdbc.pool.PooledConnection.connectUsingDriver(PooledConnection.java:308) ~[tomcat-jdbc-8.5.5.jar:na]
	at org.apache.tomcat.jdbc.pool.PooledConnection.connect(PooledConnection.java:203) ~[tomcat-jdbc-8.5.5.jar:na]
	at org.apache.tomcat.jdbc.pool.ConnectionPool.createConnection(ConnectionPool.java:718) ~[tomcat-jdbc-8.5.5.jar:na]
	at org.apache.tomcat.jdbc.pool.ConnectionPool.borrowConnection(ConnectionPool.java:650) ~[tomcat-jdbc-8.5.5.jar:na]
	at org.apache.tomcat.jdbc.pool.ConnectionPool.init(ConnectionPool.java:468) ~[tomcat-jdbc-8.5.5.jar:na]
	at org.apache.tomcat.jdbc.pool.ConnectionPool.<init>(ConnectionPool.java:143) ~[tomcat-jdbc-8.5.5.jar:na]
	at org.apache.tomcat.jdbc.pool.DataSourceProxy.pCreatePool(DataSourceProxy.java:118) ~[tomcat-jdbc-8.5.5.jar:na]
	at org.apache.tomcat.jdbc.pool.DataSourceProxy.createPool(DataSourceProxy.java:107) ~[tomcat-jdbc-8.5.5.jar:na]
	at org.apache.tomcat.jdbc.pool.DataSourceProxy.getConnection(DataSourceProxy.java:131) ~[tomcat-jdbc-8.5.5.jar:na]
	at org.flywaydb.core.internal.util.jdbc.JdbcUtils.openConnection(JdbcUtils.java:50) ~[flyway-core-3.0.jar:na]
	... 67 common frames omitted


  .   ____          _            __ _ _
 /\\ / ___'_ __ _ _(_)_ __  __ _ \ \ \ \
( ( )\___ | '_ | '_| | '_ \/ _` | \ \ \ \
 \\/  ___)| |_)| | | | | || (_| |  ) ) ) )
  '  |____| .__|_| |_|_| |_\__, | / / / /
 =========|_|==============|___/=/_/_/_/
 :: Spring Boot ::        (v1.4.2.RELEASE)

2017-02-14 15:58:50.096  INFO 23240 --- [    Test worker] work.assisjrs.AppTest1                   : Starting AppTest1 on assis-Inspiron-5457 with PID 23240 (started by assis in /home/assis/Documents/workspace-sts-3.8.2.RELEASE/SpringBootCrudBasico)
2017-02-14 15:58:50.096  INFO 23240 --- [    Test worker] work.assisjrs.AppTest1                   : No active profile set, falling back to default profiles: default
2017-02-14 15:58:50.101  INFO 23240 --- [    Test worker] o.s.w.c.s.GenericWebApplicationContext   : Refreshing org.springframework.web.context.support.GenericWebApplicationContext@43400003: startup date [Tue Feb 14 15:58:50 BRST 2017]; root of context hierarchy
2017-02-14 15:58:50.661  INFO 23240 --- [    Test worker] trationDelegate$BeanPostProcessorChecker : Bean 'org.springframework.transaction.annotation.ProxyTransactionManagementConfiguration' of type [class org.springframework.transaction.annotation.ProxyTransactionManagementConfiguration$$EnhancerBySpringCGLIB$$b809ec2a] is not eligible for getting processed by all BeanPostProcessors (for example: not eligible for auto-proxying)
2017-02-14 15:58:50.676  INFO 23240 --- [    Test worker] trationDelegate$BeanPostProcessorChecker : Bean 'org.apache.camel.spring.boot.CamelAutoConfiguration' of type [class org.apache.camel.spring.boot.CamelAutoConfiguration$$EnhancerBySpringCGLIB$$da33b249] is not eligible for getting processed by all BeanPostProcessors (for example: not eligible for auto-proxying)
2017-02-14 15:58:50.797  WARN 23240 --- [    Test worker] o.a.tomcat.jdbc.pool.PooledConnection    : Not loading a JDBC driver as driverClassName property is null.
2017-02-14 15:58:50.799 ERROR 23240 --- [    Test worker] o.a.tomcat.jdbc.pool.ConnectionPool      : Unable to create initial connections of pool.

java.sql.SQLException: The url cannot be null
	at java.sql.DriverManager.getConnection(DriverManager.java:649) ~[na:1.8.0_121]
	at java.sql.DriverManager.getConnection(DriverManager.java:208) ~[na:1.8.0_121]
	at org.apache.tomcat.jdbc.pool.PooledConnection.connectUsingDriver(PooledConnection.java:308) ~[tomcat-jdbc-8.5.5.jar:na]
	at org.apache.tomcat.jdbc.pool.PooledConnection.connect(PooledConnection.java:203) ~[tomcat-jdbc-8.5.5.jar:na]
	at org.apache.tomcat.jdbc.pool.ConnectionPool.createConnection(ConnectionPool.java:718) [tomcat-jdbc-8.5.5.jar:na]
	at org.apache.tomcat.jdbc.pool.ConnectionPool.borrowConnection(ConnectionPool.java:650) [tomcat-jdbc-8.5.5.jar:na]
	at org.apache.tomcat.jdbc.pool.ConnectionPool.init(ConnectionPool.java:468) [tomcat-jdbc-8.5.5.jar:na]
	at org.apache.tomcat.jdbc.pool.ConnectionPool.<init>(ConnectionPool.java:143) [tomcat-jdbc-8.5.5.jar:na]
	at org.apache.tomcat.jdbc.pool.DataSourceProxy.pCreatePool(DataSourceProxy.java:118) [tomcat-jdbc-8.5.5.jar:na]
	at org.apache.tomcat.jdbc.pool.DataSourceProxy.createPool(DataSourceProxy.java:107) [tomcat-jdbc-8.5.5.jar:na]
	at org.apache.tomcat.jdbc.pool.DataSourceProxy.getConnection(DataSourceProxy.java:131) [tomcat-jdbc-8.5.5.jar:na]
	at org.flywaydb.core.internal.util.jdbc.JdbcUtils.openConnection(JdbcUtils.java:50) [flyway-core-3.0.jar:na]
	at org.flywaydb.core.Flyway.execute(Flyway.java:1144) [flyway-core-3.0.jar:na]
	at org.flywaydb.core.Flyway.migrate(Flyway.java:811) [flyway-core-3.0.jar:na]
	at org.springframework.boot.autoconfigure.flyway.FlywayMigrationInitializer.afterPropertiesSet(FlywayMigrationInitializer.java:66) [spring-boot-autoconfigure-1.4.2.RELEASE.jar:1.4.2.RELEASE]
	at org.springframework.beans.factory.support.AbstractAutowireCapableBeanFactory.invokeInitMethods(AbstractAutowireCapableBeanFactory.java:1648) [spring-beans-4.3.5.RELEASE.jar:4.3.5.RELEASE]
	at org.springframework.beans.factory.support.AbstractAutowireCapableBeanFactory.initializeBean(AbstractAutowireCapableBeanFactory.java:1585) [spring-beans-4.3.5.RELEASE.jar:4.3.5.RELEASE]
	at org.springframework.beans.factory.support.AbstractAutowireCapableBeanFactory.doCreateBean(AbstractAutowireCapableBeanFactory.java:554) [spring-beans-4.3.5.RELEASE.jar:4.3.5.RELEASE]
	at org.springframework.beans.factory.support.AbstractAutowireCapableBeanFactory.createBean(AbstractAutowireCapableBeanFactory.java:483) [spring-beans-4.3.5.RELEASE.jar:4.3.5.RELEASE]
	at org.springframework.beans.factory.support.AbstractBeanFactory$1.getObject(AbstractBeanFactory.java:306) [spring-beans-4.3.5.RELEASE.jar:4.3.5.RELEASE]
	at org.springframework.beans.factory.support.DefaultSingletonBeanRegistry.getSingleton(DefaultSingletonBeanRegistry.java:230) [spring-beans-4.3.5.RELEASE.jar:4.3.5.RELEASE]
	at org.springframework.beans.factory.support.AbstractBeanFactory.doGetBean(AbstractBeanFactory.java:302) [spring-beans-4.3.5.RELEASE.jar:4.3.5.RELEASE]
	at org.springframework.beans.factory.support.AbstractBeanFactory.getBean(AbstractBeanFactory.java:197) [spring-beans-4.3.5.RELEASE.jar:4.3.5.RELEASE]
	at org.springframework.beans.factory.support.AbstractBeanFactory.doGetBean(AbstractBeanFactory.java:296) [spring-beans-4.3.5.RELEASE.jar:4.3.5.RELEASE]
	at org.springframework.beans.factory.support.AbstractBeanFactory.getBean(AbstractBeanFactory.java:197) [spring-beans-4.3.5.RELEASE.jar:4.3.5.RELEASE]
	at org.springframework.context.support.AbstractApplicationContext.getBean(AbstractApplicationContext.java:1081) [spring-context-4.3.5.RELEASE.jar:4.3.5.RELEASE]
	at org.springframework.context.support.AbstractApplicationContext.finishBeanFactoryInitialization(AbstractApplicationContext.java:856) [spring-context-4.3.5.RELEASE.jar:4.3.5.RELEASE]
	at org.springframework.context.support.AbstractApplicationContext.refresh(AbstractApplicationContext.java:542) [spring-context-4.3.5.RELEASE.jar:4.3.5.RELEASE]
	at org.springframework.boot.SpringApplication.refresh(SpringApplication.java:761) [spring-boot-1.4.2.RELEASE.jar:1.4.2.RELEASE]
	at org.springframework.boot.SpringApplication.refreshContext(SpringApplication.java:371) [spring-boot-1.4.2.RELEASE.jar:1.4.2.RELEASE]
	at org.springframework.boot.SpringApplication.run(SpringApplication.java:315) [spring-boot-1.4.2.RELEASE.jar:1.4.2.RELEASE]
	at org.springframework.boot.test.context.SpringBootContextLoader.loadContext(SpringBootContextLoader.java:111) [spring-boot-test-1.4.1.RELEASE.jar:1.4.1.RELEASE]
	at org.springframework.test.context.cache.DefaultCacheAwareContextLoaderDelegate.loadContextInternal(DefaultCacheAwareContextLoaderDelegate.java:98) [spring-test-4.3.5.RELEASE.jar:4.3.5.RELEASE]
	at org.springframework.test.context.cache.DefaultCacheAwareContextLoaderDelegate.loadContext(DefaultCacheAwareContextLoaderDelegate.java:116) [spring-test-4.3.5.RELEASE.jar:4.3.5.RELEASE]
	at org.springframework.test.context.support.DefaultTestContext.getApplicationContext(DefaultTestContext.java:83) [spring-test-4.3.5.RELEASE.jar:4.3.5.RELEASE]
	at org.springframework.test.context.web.ServletTestExecutionListener.setUpRequestContextIfNecessary(ServletTestExecutionListener.java:189) [spring-test-4.3.5.RELEASE.jar:4.3.5.RELEASE]
	at org.springframework.test.context.web.ServletTestExecutionListener.prepareTestInstance(ServletTestExecutionListener.java:131) [spring-test-4.3.5.RELEASE.jar:4.3.5.RELEASE]
	at org.springframework.test.context.TestContextManager.prepareTestInstance(TestContextManager.java:230) [spring-test-4.3.5.RELEASE.jar:4.3.5.RELEASE]
	at org.springframework.test.context.junit4.SpringJUnit4ClassRunner.createTest(SpringJUnit4ClassRunner.java:228) [spring-test-4.3.5.RELEASE.jar:4.3.5.RELEASE]
	at org.springframework.test.context.junit4.SpringJUnit4ClassRunner$1.runReflectiveCall(SpringJUnit4ClassRunner.java:287) [spring-test-4.3.5.RELEASE.jar:4.3.5.RELEASE]
	at org.junit.internal.runners.model.ReflectiveCallable.run(ReflectiveCallable.java:12) [junit-4.12.jar:4.12]
	at org.springframework.test.context.junit4.SpringJUnit4ClassRunner.methodBlock(SpringJUnit4ClassRunner.java:289) [spring-test-4.3.5.RELEASE.jar:4.3.5.RELEASE]
	at org.springframework.test.context.junit4.SpringJUnit4ClassRunner.runChild(SpringJUnit4ClassRunner.java:247) [spring-test-4.3.5.RELEASE.jar:4.3.5.RELEASE]
	at org.springframework.test.context.junit4.SpringJUnit4ClassRunner.runChild(SpringJUnit4ClassRunner.java:94) [spring-test-4.3.5.RELEASE.jar:4.3.5.RELEASE]
	at org.junit.runners.ParentRunner$3.run(ParentRunner.java:290) [junit-4.12.jar:4.12]
	at org.junit.runners.ParentRunner$1.schedule(ParentRunner.java:71) [junit-4.12.jar:4.12]
	at org.junit.runners.ParentRunner.runChildren(ParentRunner.java:288) [junit-4.12.jar:4.12]
	at org.junit.runners.ParentRunner.access$000(ParentRunner.java:58) [junit-4.12.jar:4.12]
	at org.junit.runners.ParentRunner$2.evaluate(ParentRunner.java:268) [junit-4.12.jar:4.12]
	at org.springframework.test.context.junit4.statements.RunBeforeTestClassCallbacks.evaluate(RunBeforeTestClassCallbacks.java:61) [spring-test-4.3.5.RELEASE.jar:4.3.5.RELEASE]
	at org.springframework.test.context.junit4.statements.RunAfterTestClassCallbacks.evaluate(RunAfterTestClassCallbacks.java:70) [spring-test-4.3.5.RELEASE.jar:4.3.5.RELEASE]
	at org.junit.runners.ParentRunner.run(ParentRunner.java:363) [junit-4.12.jar:4.12]
	at org.springframework.test.context.junit4.SpringJUnit4ClassRunner.run(SpringJUnit4ClassRunner.java:191) [spring-test-4.3.5.RELEASE.jar:4.3.5.RELEASE]
	at org.gradle.api.internal.tasks.testing.junit.JUnitTestClassExecuter.runTestClass(JUnitTestClassExecuter.java:114) [gradle-testing-jvm-2.14.1.jar:2.14.1]
	at org.gradle.api.internal.tasks.testing.junit.JUnitTestClassExecuter.execute(JUnitTestClassExecuter.java:57) [gradle-testing-jvm-2.14.1.jar:2.14.1]
	at org.gradle.api.internal.tasks.testing.junit.JUnitTestClassProcessor.processTestClass(JUnitTestClassProcessor.java:66) [gradle-testing-jvm-2.14.1.jar:2.14.1]
	at org.gradle.api.internal.tasks.testing.SuiteTestClassProcessor.processTestClass(SuiteTestClassProcessor.java:51) [gradle-testing-base-2.14.1.jar:2.14.1]
	at sun.reflect.NativeMethodAccessorImpl.invoke0(Native Method) ~[na:1.8.0_121]
	at sun.reflect.NativeMethodAccessorImpl.invoke(NativeMethodAccessorImpl.java:62) ~[na:1.8.0_121]
	at sun.reflect.DelegatingMethodAccessorImpl.invoke(DelegatingMethodAccessorImpl.java:43) ~[na:1.8.0_121]
	at java.lang.reflect.Method.invoke(Method.java:498) ~[na:1.8.0_121]
	at org.gradle.internal.dispatch.ReflectionDispatch.dispatch(ReflectionDispatch.java:35) [gradle-messaging-2.14.1.jar:2.14.1]
	at org.gradle.internal.dispatch.ReflectionDispatch.dispatch(ReflectionDispatch.java:24) [gradle-messaging-2.14.1.jar:2.14.1]
	at org.gradle.internal.dispatch.ContextClassLoaderDispatch.dispatch(ContextClassLoaderDispatch.java:32) [gradle-messaging-2.14.1.jar:2.14.1]
	at org.gradle.internal.dispatch.ProxyDispatchAdapter$DispatchingInvocationHandler.invoke(ProxyDispatchAdapter.java:93) [gradle-messaging-2.14.1.jar:2.14.1]
	at com.sun.proxy.$Proxy2.processTestClass(Unknown Source) [na:na]
	at org.gradle.api.internal.tasks.testing.worker.TestWorker.processTestClass(TestWorker.java:109) [gradle-testing-base-2.14.1.jar:2.14.1]
	at sun.reflect.NativeMethodAccessorImpl.invoke0(Native Method) ~[na:1.8.0_121]
	at sun.reflect.NativeMethodAccessorImpl.invoke(NativeMethodAccessorImpl.java:62) ~[na:1.8.0_121]
	at sun.reflect.DelegatingMethodAccessorImpl.invoke(DelegatingMethodAccessorImpl.java:43) ~[na:1.8.0_121]
	at java.lang.reflect.Method.invoke(Method.java:498) ~[na:1.8.0_121]
	at org.gradle.internal.dispatch.ReflectionDispatch.dispatch(ReflectionDispatch.java:35) [gradle-messaging-2.14.1.jar:2.14.1]
	at org.gradle.internal.dispatch.ReflectionDispatch.dispatch(ReflectionDispatch.java:24) [gradle-messaging-2.14.1.jar:2.14.1]
	at org.gradle.internal.remote.internal.hub.MessageHub$Handler.run(MessageHub.java:377) [gradle-messaging-2.14.1.jar:2.14.1]
	at org.gradle.internal.concurrent.ExecutorPolicy$CatchAndRecordFailures.onExecute(ExecutorPolicy.java:54) [gradle-base-services-2.14.1.jar:2.14.1]
	at org.gradle.internal.concurrent.StoppableExecutorImpl$1.run(StoppableExecutorImpl.java:40) [gradle-base-services-2.14.1.jar:2.14.1]
	at java.util.concurrent.ThreadPoolExecutor.runWorker(ThreadPoolExecutor.java:1142) [na:1.8.0_121]
	at java.util.concurrent.ThreadPoolExecutor$Worker.run(ThreadPoolExecutor.java:617) [na:1.8.0_121]
	at java.lang.Thread.run(Thread.java:745) [na:1.8.0_121]

2017-02-14 15:58:50.801  WARN 23240 --- [    Test worker] o.s.w.c.s.GenericWebApplicationContext   : Exception encountered during context initialization - cancelling refresh attempt: org.springframework.beans.factory.BeanCreationException: Error creating bean with name 'flywayInitializer' defined in class path resource [org/springframework/boot/autoconfigure/flyway/FlywayAutoConfiguration$FlywayConfiguration.class]: Invocation of init method failed; nested exception is org.flywaydb.core.api.FlywayException: Unable to obtain Jdbc connection from DataSource
2017-02-14 15:58:50.805  INFO 23240 --- [    Test worker] utoConfigurationReportLoggingInitializer : 

Error starting ApplicationContext. To display the auto-configuration report re-run your application with 'debug' enabled.
2017-02-14 15:58:50.808 ERROR 23240 --- [    Test worker] o.s.boot.SpringApplication               : Application startup failed

org.springframework.beans.factory.BeanCreationException: Error creating bean with name 'flywayInitializer' defined in class path resource [org/springframework/boot/autoconfigure/flyway/FlywayAutoConfiguration$FlywayConfiguration.class]: Invocation of init method failed; nested exception is org.flywaydb.core.api.FlywayException: Unable to obtain Jdbc connection from DataSource
	at org.springframework.beans.factory.support.AbstractAutowireCapableBeanFactory.initializeBean(AbstractAutowireCapableBeanFactory.java:1589) ~[spring-beans-4.3.5.RELEASE.jar:4.3.5.RELEASE]
	at org.springframework.beans.factory.support.AbstractAutowireCapableBeanFactory.doCreateBean(AbstractAutowireCapableBeanFactory.java:554) ~[spring-beans-4.3.5.RELEASE.jar:4.3.5.RELEASE]
	at org.springframework.beans.factory.support.AbstractAutowireCapableBeanFactory.createBean(AbstractAutowireCapableBeanFactory.java:483) ~[spring-beans-4.3.5.RELEASE.jar:4.3.5.RELEASE]
	at org.springframework.beans.factory.support.AbstractBeanFactory$1.getObject(AbstractBeanFactory.java:306) ~[spring-beans-4.3.5.RELEASE.jar:4.3.5.RELEASE]
	at org.springframework.beans.factory.support.DefaultSingletonBeanRegistry.getSingleton(DefaultSingletonBeanRegistry.java:230) ~[spring-beans-4.3.5.RELEASE.jar:4.3.5.RELEASE]
	at org.springframework.beans.factory.support.AbstractBeanFactory.doGetBean(AbstractBeanFactory.java:302) ~[spring-beans-4.3.5.RELEASE.jar:4.3.5.RELEASE]
	at org.springframework.beans.factory.support.AbstractBeanFactory.getBean(AbstractBeanFactory.java:197) ~[spring-beans-4.3.5.RELEASE.jar:4.3.5.RELEASE]
	at org.springframework.beans.factory.support.AbstractBeanFactory.doGetBean(AbstractBeanFactory.java:296) ~[spring-beans-4.3.5.RELEASE.jar:4.3.5.RELEASE]
	at org.springframework.beans.factory.support.AbstractBeanFactory.getBean(AbstractBeanFactory.java:197) ~[spring-beans-4.3.5.RELEASE.jar:4.3.5.RELEASE]
	at org.springframework.context.support.AbstractApplicationContext.getBean(AbstractApplicationContext.java:1081) ~[spring-context-4.3.5.RELEASE.jar:4.3.5.RELEASE]
	at org.springframework.context.support.AbstractApplicationContext.finishBeanFactoryInitialization(AbstractApplicationContext.java:856) ~[spring-context-4.3.5.RELEASE.jar:4.3.5.RELEASE]
	at org.springframework.context.support.AbstractApplicationContext.refresh(AbstractApplicationContext.java:542) ~[spring-context-4.3.5.RELEASE.jar:4.3.5.RELEASE]
	at org.springframework.boot.SpringApplication.refresh(SpringApplication.java:761) ~[spring-boot-1.4.2.RELEASE.jar:1.4.2.RELEASE]
	at org.springframework.boot.SpringApplication.refreshContext(SpringApplication.java:371) ~[spring-boot-1.4.2.RELEASE.jar:1.4.2.RELEASE]
	at org.springframework.boot.SpringApplication.run(SpringApplication.java:315) ~[spring-boot-1.4.2.RELEASE.jar:1.4.2.RELEASE]
	at org.springframework.boot.test.context.SpringBootContextLoader.loadContext(SpringBootContextLoader.java:111) [spring-boot-test-1.4.1.RELEASE.jar:1.4.1.RELEASE]
	at org.springframework.test.context.cache.DefaultCacheAwareContextLoaderDelegate.loadContextInternal(DefaultCacheAwareContextLoaderDelegate.java:98) [spring-test-4.3.5.RELEASE.jar:4.3.5.RELEASE]
	at org.springframework.test.context.cache.DefaultCacheAwareContextLoaderDelegate.loadContext(DefaultCacheAwareContextLoaderDelegate.java:116) [spring-test-4.3.5.RELEASE.jar:4.3.5.RELEASE]
	at org.springframework.test.context.support.DefaultTestContext.getApplicationContext(DefaultTestContext.java:83) [spring-test-4.3.5.RELEASE.jar:4.3.5.RELEASE]
	at org.springframework.test.context.web.ServletTestExecutionListener.setUpRequestContextIfNecessary(ServletTestExecutionListener.java:189) [spring-test-4.3.5.RELEASE.jar:4.3.5.RELEASE]
	at org.springframework.test.context.web.ServletTestExecutionListener.prepareTestInstance(ServletTestExecutionListener.java:131) [spring-test-4.3.5.RELEASE.jar:4.3.5.RELEASE]
	at org.springframework.test.context.TestContextManager.prepareTestInstance(TestContextManager.java:230) [spring-test-4.3.5.RELEASE.jar:4.3.5.RELEASE]
	at org.springframework.test.context.junit4.SpringJUnit4ClassRunner.createTest(SpringJUnit4ClassRunner.java:228) [spring-test-4.3.5.RELEASE.jar:4.3.5.RELEASE]
	at org.springframework.test.context.junit4.SpringJUnit4ClassRunner$1.runReflectiveCall(SpringJUnit4ClassRunner.java:287) [spring-test-4.3.5.RELEASE.jar:4.3.5.RELEASE]
	at org.junit.internal.runners.model.ReflectiveCallable.run(ReflectiveCallable.java:12) [junit-4.12.jar:4.12]
	at org.springframework.test.context.junit4.SpringJUnit4ClassRunner.methodBlock(SpringJUnit4ClassRunner.java:289) [spring-test-4.3.5.RELEASE.jar:4.3.5.RELEASE]
	at org.springframework.test.context.junit4.SpringJUnit4ClassRunner.runChild(SpringJUnit4ClassRunner.java:247) [spring-test-4.3.5.RELEASE.jar:4.3.5.RELEASE]
	at org.springframework.test.context.junit4.SpringJUnit4ClassRunner.runChild(SpringJUnit4ClassRunner.java:94) [spring-test-4.3.5.RELEASE.jar:4.3.5.RELEASE]
	at org.junit.runners.ParentRunner$3.run(ParentRunner.java:290) [junit-4.12.jar:4.12]
	at org.junit.runners.ParentRunner$1.schedule(ParentRunner.java:71) [junit-4.12.jar:4.12]
	at org.junit.runners.ParentRunner.runChildren(ParentRunner.java:288) [junit-4.12.jar:4.12]
	at org.junit.runners.ParentRunner.access$000(ParentRunner.java:58) [junit-4.12.jar:4.12]
	at org.junit.runners.ParentRunner$2.evaluate(ParentRunner.java:268) [junit-4.12.jar:4.12]
	at org.springframework.test.context.junit4.statements.RunBeforeTestClassCallbacks.evaluate(RunBeforeTestClassCallbacks.java:61) [spring-test-4.3.5.RELEASE.jar:4.3.5.RELEASE]
	at org.springframework.test.context.junit4.statements.RunAfterTestClassCallbacks.evaluate(RunAfterTestClassCallbacks.java:70) [spring-test-4.3.5.RELEASE.jar:4.3.5.RELEASE]
	at org.junit.runners.ParentRunner.run(ParentRunner.java:363) [junit-4.12.jar:4.12]
	at org.springframework.test.context.junit4.SpringJUnit4ClassRunner.run(SpringJUnit4ClassRunner.java:191) [spring-test-4.3.5.RELEASE.jar:4.3.5.RELEASE]
	at org.gradle.api.internal.tasks.testing.junit.JUnitTestClassExecuter.runTestClass(JUnitTestClassExecuter.java:114) [gradle-testing-jvm-2.14.1.jar:2.14.1]
	at org.gradle.api.internal.tasks.testing.junit.JUnitTestClassExecuter.execute(JUnitTestClassExecuter.java:57) [gradle-testing-jvm-2.14.1.jar:2.14.1]
	at org.gradle.api.internal.tasks.testing.junit.JUnitTestClassProcessor.processTestClass(JUnitTestClassProcessor.java:66) [gradle-testing-jvm-2.14.1.jar:2.14.1]
	at org.gradle.api.internal.tasks.testing.SuiteTestClassProcessor.processTestClass(SuiteTestClassProcessor.java:51) [gradle-testing-base-2.14.1.jar:2.14.1]
	at sun.reflect.NativeMethodAccessorImpl.invoke0(Native Method) ~[na:1.8.0_121]
	at sun.reflect.NativeMethodAccessorImpl.invoke(NativeMethodAccessorImpl.java:62) ~[na:1.8.0_121]
	at sun.reflect.DelegatingMethodAccessorImpl.invoke(DelegatingMethodAccessorImpl.java:43) ~[na:1.8.0_121]
	at java.lang.reflect.Method.invoke(Method.java:498) ~[na:1.8.0_121]
	at org.gradle.internal.dispatch.ReflectionDispatch.dispatch(ReflectionDispatch.java:35) [gradle-messaging-2.14.1.jar:2.14.1]
	at org.gradle.internal.dispatch.ReflectionDispatch.dispatch(ReflectionDispatch.java:24) [gradle-messaging-2.14.1.jar:2.14.1]
	at org.gradle.internal.dispatch.ContextClassLoaderDispatch.dispatch(ContextClassLoaderDispatch.java:32) [gradle-messaging-2.14.1.jar:2.14.1]
	at org.gradle.internal.dispatch.ProxyDispatchAdapter$DispatchingInvocationHandler.invoke(ProxyDispatchAdapter.java:93) [gradle-messaging-2.14.1.jar:2.14.1]
	at com.sun.proxy.$Proxy2.processTestClass(Unknown Source) [na:na]
	at org.gradle.api.internal.tasks.testing.worker.TestWorker.processTestClass(TestWorker.java:109) [gradle-testing-base-2.14.1.jar:2.14.1]
	at sun.reflect.NativeMethodAccessorImpl.invoke0(Native Method) ~[na:1.8.0_121]
	at sun.reflect.NativeMethodAccessorImpl.invoke(NativeMethodAccessorImpl.java:62) ~[na:1.8.0_121]
	at sun.reflect.DelegatingMethodAccessorImpl.invoke(DelegatingMethodAccessorImpl.java:43) ~[na:1.8.0_121]
	at java.lang.reflect.Method.invoke(Method.java:498) ~[na:1.8.0_121]
	at org.gradle.internal.dispatch.ReflectionDispatch.dispatch(ReflectionDispatch.java:35) [gradle-messaging-2.14.1.jar:2.14.1]
	at org.gradle.internal.dispatch.ReflectionDispatch.dispatch(ReflectionDispatch.java:24) [gradle-messaging-2.14.1.jar:2.14.1]
	at org.gradle.internal.remote.internal.hub.MessageHub$Handler.run(MessageHub.java:377) [gradle-messaging-2.14.1.jar:2.14.1]
	at org.gradle.internal.concurrent.ExecutorPolicy$CatchAndRecordFailures.onExecute(ExecutorPolicy.java:54) [gradle-base-services-2.14.1.jar:2.14.1]
	at org.gradle.internal.concurrent.StoppableExecutorImpl$1.run(StoppableExecutorImpl.java:40) [gradle-base-services-2.14.1.jar:2.14.1]
	at java.util.concurrent.ThreadPoolExecutor.runWorker(ThreadPoolExecutor.java:1142) [na:1.8.0_121]
	at java.util.concurrent.ThreadPoolExecutor$Worker.run(ThreadPoolExecutor.java:617) [na:1.8.0_121]
	at java.lang.Thread.run(Thread.java:745) [na:1.8.0_121]
Caused by: org.flywaydb.core.api.FlywayException: Unable to obtain Jdbc connection from DataSource
	at org.flywaydb.core.internal.util.jdbc.JdbcUtils.openConnection(JdbcUtils.java:56) ~[flyway-core-3.0.jar:na]
	at org.flywaydb.core.Flyway.execute(Flyway.java:1144) ~[flyway-core-3.0.jar:na]
	at org.flywaydb.core.Flyway.migrate(Flyway.java:811) ~[flyway-core-3.0.jar:na]
	at org.springframework.boot.autoconfigure.flyway.FlywayMigrationInitializer.afterPropertiesSet(FlywayMigrationInitializer.java:66) ~[spring-boot-autoconfigure-1.4.2.RELEASE.jar:1.4.2.RELEASE]
	at org.springframework.beans.factory.support.AbstractAutowireCapableBeanFactory.invokeInitMethods(AbstractAutowireCapableBeanFactory.java:1648) ~[spring-beans-4.3.5.RELEASE.jar:4.3.5.RELEASE]
	at org.springframework.beans.factory.support.AbstractAutowireCapableBeanFactory.initializeBean(AbstractAutowireCapableBeanFactory.java:1585) ~[spring-beans-4.3.5.RELEASE.jar:4.3.5.RELEASE]
	... 62 common frames omitted
Caused by: java.sql.SQLException: The url cannot be null
	at java.sql.DriverManager.getConnection(DriverManager.java:649) ~[na:1.8.0_121]
	at java.sql.DriverManager.getConnection(DriverManager.java:208) ~[na:1.8.0_121]
	at org.apache.tomcat.jdbc.pool.PooledConnection.connectUsingDriver(PooledConnection.java:308) ~[tomcat-jdbc-8.5.5.jar:na]
	at org.apache.tomcat.jdbc.pool.PooledConnection.connect(PooledConnection.java:203) ~[tomcat-jdbc-8.5.5.jar:na]
	at org.apache.tomcat.jdbc.pool.ConnectionPool.createConnection(ConnectionPool.java:718) ~[tomcat-jdbc-8.5.5.jar:na]
	at org.apache.tomcat.jdbc.pool.ConnectionPool.borrowConnection(ConnectionPool.java:650) ~[tomcat-jdbc-8.5.5.jar:na]
	at org.apache.tomcat.jdbc.pool.ConnectionPool.init(ConnectionPool.java:468) ~[tomcat-jdbc-8.5.5.jar:na]
	at org.apache.tomcat.jdbc.pool.ConnectionPool.<init>(ConnectionPool.java:143) ~[tomcat-jdbc-8.5.5.jar:na]
	at org.apache.tomcat.jdbc.pool.DataSourceProxy.pCreatePool(DataSourceProxy.java:118) ~[tomcat-jdbc-8.5.5.jar:na]
	at org.apache.tomcat.jdbc.pool.DataSourceProxy.createPool(DataSourceProxy.java:107) ~[tomcat-jdbc-8.5.5.jar:na]
	at org.apache.tomcat.jdbc.pool.DataSourceProxy.getConnection(DataSourceProxy.java:131) ~[tomcat-jdbc-8.5.5.jar:na]
	at org.flywaydb.core.internal.util.jdbc.JdbcUtils.openConnection(JdbcUtils.java:50) ~[flyway-core-3.0.jar:na]
	... 67 common frames omitted

2017-02-14 15:58:50.811 ERROR 23240 --- [    Test worker] o.s.test.context.TestContextManager      : Caught exception while allowing TestExecutionListener [org.springframework.test.context.web.ServletTestExecutionListener@62f6a6ac] to prepare test instance [work.assisjrs.AppTest1@1707c052]

java.lang.IllegalStateException: Failed to load ApplicationContext
	at org.springframework.test.context.cache.DefaultCacheAwareContextLoaderDelegate.loadContext(DefaultCacheAwareContextLoaderDelegate.java:124) ~[spring-test-4.3.5.RELEASE.jar:4.3.5.RELEASE]
	at org.springframework.test.context.support.DefaultTestContext.getApplicationContext(DefaultTestContext.java:83) ~[spring-test-4.3.5.RELEASE.jar:4.3.5.RELEASE]
	at org.springframework.test.context.web.ServletTestExecutionListener.setUpRequestContextIfNecessary(ServletTestExecutionListener.java:189) ~[spring-test-4.3.5.RELEASE.jar:4.3.5.RELEASE]
	at org.springframework.test.context.web.ServletTestExecutionListener.prepareTestInstance(ServletTestExecutionListener.java:131) ~[spring-test-4.3.5.RELEASE.jar:4.3.5.RELEASE]
	at org.springframework.test.context.TestContextManager.prepareTestInstance(TestContextManager.java:230) ~[spring-test-4.3.5.RELEASE.jar:4.3.5.RELEASE]
	at org.springframework.test.context.junit4.SpringJUnit4ClassRunner.createTest(SpringJUnit4ClassRunner.java:228) [spring-test-4.3.5.RELEASE.jar:4.3.5.RELEASE]
	at org.springframework.test.context.junit4.SpringJUnit4ClassRunner$1.runReflectiveCall(SpringJUnit4ClassRunner.java:287) [spring-test-4.3.5.RELEASE.jar:4.3.5.RELEASE]
	at org.junit.internal.runners.model.ReflectiveCallable.run(ReflectiveCallable.java:12) [junit-4.12.jar:4.12]
	at org.springframework.test.context.junit4.SpringJUnit4ClassRunner.methodBlock(SpringJUnit4ClassRunner.java:289) [spring-test-4.3.5.RELEASE.jar:4.3.5.RELEASE]
	at org.springframework.test.context.junit4.SpringJUnit4ClassRunner.runChild(SpringJUnit4ClassRunner.java:247) [spring-test-4.3.5.RELEASE.jar:4.3.5.RELEASE]
	at org.springframework.test.context.junit4.SpringJUnit4ClassRunner.runChild(SpringJUnit4ClassRunner.java:94) [spring-test-4.3.5.RELEASE.jar:4.3.5.RELEASE]
	at org.junit.runners.ParentRunner$3.run(ParentRunner.java:290) [junit-4.12.jar:4.12]
	at org.junit.runners.ParentRunner$1.schedule(ParentRunner.java:71) [junit-4.12.jar:4.12]
	at org.junit.runners.ParentRunner.runChildren(ParentRunner.java:288) [junit-4.12.jar:4.12]
	at org.junit.runners.ParentRunner.access$000(ParentRunner.java:58) [junit-4.12.jar:4.12]
	at org.junit.runners.ParentRunner$2.evaluate(ParentRunner.java:268) [junit-4.12.jar:4.12]
	at org.springframework.test.context.junit4.statements.RunBeforeTestClassCallbacks.evaluate(RunBeforeTestClassCallbacks.java:61) [spring-test-4.3.5.RELEASE.jar:4.3.5.RELEASE]
	at org.springframework.test.context.junit4.statements.RunAfterTestClassCallbacks.evaluate(RunAfterTestClassCallbacks.java:70) [spring-test-4.3.5.RELEASE.jar:4.3.5.RELEASE]
	at org.junit.runners.ParentRunner.run(ParentRunner.java:363) [junit-4.12.jar:4.12]
	at org.springframework.test.context.junit4.SpringJUnit4ClassRunner.run(SpringJUnit4ClassRunner.java:191) [spring-test-4.3.5.RELEASE.jar:4.3.5.RELEASE]
	at org.gradle.api.internal.tasks.testing.junit.JUnitTestClassExecuter.runTestClass(JUnitTestClassExecuter.java:114) [gradle-testing-jvm-2.14.1.jar:2.14.1]
	at org.gradle.api.internal.tasks.testing.junit.JUnitTestClassExecuter.execute(JUnitTestClassExecuter.java:57) [gradle-testing-jvm-2.14.1.jar:2.14.1]
	at org.gradle.api.internal.tasks.testing.junit.JUnitTestClassProcessor.processTestClass(JUnitTestClassProcessor.java:66) [gradle-testing-jvm-2.14.1.jar:2.14.1]
	at org.gradle.api.internal.tasks.testing.SuiteTestClassProcessor.processTestClass(SuiteTestClassProcessor.java:51) [gradle-testing-base-2.14.1.jar:2.14.1]
	at sun.reflect.NativeMethodAccessorImpl.invoke0(Native Method) ~[na:1.8.0_121]
	at sun.reflect.NativeMethodAccessorImpl.invoke(NativeMethodAccessorImpl.java:62) ~[na:1.8.0_121]
	at sun.reflect.DelegatingMethodAccessorImpl.invoke(DelegatingMethodAccessorImpl.java:43) ~[na:1.8.0_121]
	at java.lang.reflect.Method.invoke(Method.java:498) ~[na:1.8.0_121]
	at org.gradle.internal.dispatch.ReflectionDispatch.dispatch(ReflectionDispatch.java:35) [gradle-messaging-2.14.1.jar:2.14.1]
	at org.gradle.internal.dispatch.ReflectionDispatch.dispatch(ReflectionDispatch.java:24) [gradle-messaging-2.14.1.jar:2.14.1]
	at org.gradle.internal.dispatch.ContextClassLoaderDispatch.dispatch(ContextClassLoaderDispatch.java:32) [gradle-messaging-2.14.1.jar:2.14.1]
	at org.gradle.internal.dispatch.ProxyDispatchAdapter$DispatchingInvocationHandler.invoke(ProxyDispatchAdapter.java:93) [gradle-messaging-2.14.1.jar:2.14.1]
	at com.sun.proxy.$Proxy2.processTestClass(Unknown Source) [na:na]
	at org.gradle.api.internal.tasks.testing.worker.TestWorker.processTestClass(TestWorker.java:109) [gradle-testing-base-2.14.1.jar:2.14.1]
	at sun.reflect.NativeMethodAccessorImpl.invoke0(Native Method) ~[na:1.8.0_121]
	at sun.reflect.NativeMethodAccessorImpl.invoke(NativeMethodAccessorImpl.java:62) ~[na:1.8.0_121]
	at sun.reflect.DelegatingMethodAccessorImpl.invoke(DelegatingMethodAccessorImpl.java:43) ~[na:1.8.0_121]
	at java.lang.reflect.Method.invoke(Method.java:498) ~[na:1.8.0_121]
	at org.gradle.internal.dispatch.ReflectionDispatch.dispatch(ReflectionDispatch.java:35) [gradle-messaging-2.14.1.jar:2.14.1]
	at org.gradle.internal.dispatch.ReflectionDispatch.dispatch(ReflectionDispatch.java:24) [gradle-messaging-2.14.1.jar:2.14.1]
	at org.gradle.internal.remote.internal.hub.MessageHub$Handler.run(MessageHub.java:377) [gradle-messaging-2.14.1.jar:2.14.1]
	at org.gradle.internal.concurrent.ExecutorPolicy$CatchAndRecordFailures.onExecute(ExecutorPolicy.java:54) [gradle-base-services-2.14.1.jar:2.14.1]
	at org.gradle.internal.concurrent.StoppableExecutorImpl$1.run(StoppableExecutorImpl.java:40) [gradle-base-services-2.14.1.jar:2.14.1]
	at java.util.concurrent.ThreadPoolExecutor.runWorker(ThreadPoolExecutor.java:1142) [na:1.8.0_121]
	at java.util.concurrent.ThreadPoolExecutor$Worker.run(ThreadPoolExecutor.java:617) [na:1.8.0_121]
	at java.lang.Thread.run(Thread.java:745) [na:1.8.0_121]
Caused by: org.springframework.beans.factory.BeanCreationException: Error creating bean with name 'flywayInitializer' defined in class path resource [org/springframework/boot/autoconfigure/flyway/FlywayAutoConfiguration$FlywayConfiguration.class]: Invocation of init method failed; nested exception is org.flywaydb.core.api.FlywayException: Unable to obtain Jdbc connection from DataSource
	at org.springframework.beans.factory.support.AbstractAutowireCapableBeanFactory.initializeBean(AbstractAutowireCapableBeanFactory.java:1589) ~[spring-beans-4.3.5.RELEASE.jar:4.3.5.RELEASE]
	at org.springframework.beans.factory.support.AbstractAutowireCapableBeanFactory.doCreateBean(AbstractAutowireCapableBeanFactory.java:554) ~[spring-beans-4.3.5.RELEASE.jar:4.3.5.RELEASE]
	at org.springframework.beans.factory.support.AbstractAutowireCapableBeanFactory.createBean(AbstractAutowireCapableBeanFactory.java:483) ~[spring-beans-4.3.5.RELEASE.jar:4.3.5.RELEASE]
	at org.springframework.beans.factory.support.AbstractBeanFactory$1.getObject(AbstractBeanFactory.java:306) ~[spring-beans-4.3.5.RELEASE.jar:4.3.5.RELEASE]
	at org.springframework.beans.factory.support.DefaultSingletonBeanRegistry.getSingleton(DefaultSingletonBeanRegistry.java:230) ~[spring-beans-4.3.5.RELEASE.jar:4.3.5.RELEASE]
	at org.springframework.beans.factory.support.AbstractBeanFactory.doGetBean(AbstractBeanFactory.java:302) ~[spring-beans-4.3.5.RELEASE.jar:4.3.5.RELEASE]
	at org.springframework.beans.factory.support.AbstractBeanFactory.getBean(AbstractBeanFactory.java:197) ~[spring-beans-4.3.5.RELEASE.jar:4.3.5.RELEASE]
	at org.springframework.beans.factory.support.AbstractBeanFactory.doGetBean(AbstractBeanFactory.java:296) ~[spring-beans-4.3.5.RELEASE.jar:4.3.5.RELEASE]
	at org.springframework.beans.factory.support.AbstractBeanFactory.getBean(AbstractBeanFactory.java:197) ~[spring-beans-4.3.5.RELEASE.jar:4.3.5.RELEASE]
	at org.springframework.context.support.AbstractApplicationContext.getBean(AbstractApplicationContext.java:1081) ~[spring-context-4.3.5.RELEASE.jar:4.3.5.RELEASE]
	at org.springframework.context.support.AbstractApplicationContext.finishBeanFactoryInitialization(AbstractApplicationContext.java:856) ~[spring-context-4.3.5.RELEASE.jar:4.3.5.RELEASE]
	at org.springframework.context.support.AbstractApplicationContext.refresh(AbstractApplicationContext.java:542) ~[spring-context-4.3.5.RELEASE.jar:4.3.5.RELEASE]
	at org.springframework.boot.SpringApplication.refresh(SpringApplication.java:761) ~[spring-boot-1.4.2.RELEASE.jar:1.4.2.RELEASE]
	at org.springframework.boot.SpringApplication.refreshContext(SpringApplication.java:371) ~[spring-boot-1.4.2.RELEASE.jar:1.4.2.RELEASE]
	at org.springframework.boot.SpringApplication.run(SpringApplication.java:315) ~[spring-boot-1.4.2.RELEASE.jar:1.4.2.RELEASE]
	at org.springframework.boot.test.context.SpringBootContextLoader.loadContext(SpringBootContextLoader.java:111) ~[spring-boot-test-1.4.1.RELEASE.jar:1.4.1.RELEASE]
	at org.springframework.test.context.cache.DefaultCacheAwareContextLoaderDelegate.loadContextInternal(DefaultCacheAwareContextLoaderDelegate.java:98) ~[spring-test-4.3.5.RELEASE.jar:4.3.5.RELEASE]
	at org.springframework.test.context.cache.DefaultCacheAwareContextLoaderDelegate.loadContext(DefaultCacheAwareContextLoaderDelegate.java:116) ~[spring-test-4.3.5.RELEASE.jar:4.3.5.RELEASE]
	... 45 common frames omitted
Caused by: org.flywaydb.core.api.FlywayException: Unable to obtain Jdbc connection from DataSource
	at org.flywaydb.core.internal.util.jdbc.JdbcUtils.openConnection(JdbcUtils.java:56) ~[flyway-core-3.0.jar:na]
	at org.flywaydb.core.Flyway.execute(Flyway.java:1144) ~[flyway-core-3.0.jar:na]
	at org.flywaydb.core.Flyway.migrate(Flyway.java:811) ~[flyway-core-3.0.jar:na]
	at org.springframework.boot.autoconfigure.flyway.FlywayMigrationInitializer.afterPropertiesSet(FlywayMigrationInitializer.java:66) ~[spring-boot-autoconfigure-1.4.2.RELEASE.jar:1.4.2.RELEASE]
	at org.springframework.beans.factory.support.AbstractAutowireCapableBeanFactory.invokeInitMethods(AbstractAutowireCapableBeanFactory.java:1648) ~[spring-beans-4.3.5.RELEASE.jar:4.3.5.RELEASE]
	at org.springframework.beans.factory.support.AbstractAutowireCapableBeanFactory.initializeBean(AbstractAutowireCapableBeanFactory.java:1585) ~[spring-beans-4.3.5.RELEASE.jar:4.3.5.RELEASE]
	... 62 common frames omitted
Caused by: java.sql.SQLException: The url cannot be null
	at java.sql.DriverManager.getConnection(DriverManager.java:649) ~[na:1.8.0_121]
	at java.sql.DriverManager.getConnection(DriverManager.java:208) ~[na:1.8.0_121]
	at org.apache.tomcat.jdbc.pool.PooledConnection.connectUsingDriver(PooledConnection.java:308) ~[tomcat-jdbc-8.5.5.jar:na]
	at org.apache.tomcat.jdbc.pool.PooledConnection.connect(PooledConnection.java:203) ~[tomcat-jdbc-8.5.5.jar:na]
	at org.apache.tomcat.jdbc.pool.ConnectionPool.createConnection(ConnectionPool.java:718) ~[tomcat-jdbc-8.5.5.jar:na]
	at org.apache.tomcat.jdbc.pool.ConnectionPool.borrowConnection(ConnectionPool.java:650) ~[tomcat-jdbc-8.5.5.jar:na]
	at org.apache.tomcat.jdbc.pool.ConnectionPool.init(ConnectionPool.java:468) ~[tomcat-jdbc-8.5.5.jar:na]
	at org.apache.tomcat.jdbc.pool.ConnectionPool.<init>(ConnectionPool.java:143) ~[tomcat-jdbc-8.5.5.jar:na]
	at org.apache.tomcat.jdbc.pool.DataSourceProxy.pCreatePool(DataSourceProxy.java:118) ~[tomcat-jdbc-8.5.5.jar:na]
	at org.apache.tomcat.jdbc.pool.DataSourceProxy.createPool(DataSourceProxy.java:107) ~[tomcat-jdbc-8.5.5.jar:na]
	at org.apache.tomcat.jdbc.pool.DataSourceProxy.getConnection(DataSourceProxy.java:131) ~[tomcat-jdbc-8.5.5.jar:na]
	at org.flywaydb.core.internal.util.jdbc.JdbcUtils.openConnection(JdbcUtils.java:50) ~[flyway-core-3.0.jar:na]
	... 67 common frames omitted

]]></system-out>
  <system-err><![CDATA[]]></system-err>
</testsuite>
